# -------------- VM  version 1.1 ------------- #
#                                              #
# 42 / filler VM Developped by: Hcao - Abanlin #
#                                              #
# -------------------------------------------- #
launched ../mburl.filler
$$$ exec p1 : [../mburl.filler]
launched players/abanlin.filler
$$$ exec p2 : [players/abanlin.filler]
Plateau 15 17:
    01234567890123456
000 .................
001 .................
002 .................
003 .................
004 .................
005 .................
006 .................
007 .................
008 ..O..............
009 .................
010 .................
011 .................
012 ..............X..
013 .................
014 .................
Piece 1 3:
**.
<got (O): [8, 2]
Plateau 15 17:
    01234567890123456
000 .................
001 .................
002 .................
003 .................
004 .................
005 .................
006 .................
007 .................
008 ..oo.............
009 .................
010 .................
011 .................
012 ..............X..
013 .................
014 .................
Piece 1 3:
**.
<got (X): [12, 13]
Plateau 15 17:
    01234567890123456
000 .................
001 .................
002 .................
003 .................
004 .................
005 .................
006 .................
007 .................
008 ..OO.............
009 .................
010 .................
011 .................
012 .............xx..
013 .................
014 .................
Piece 2 1:
*
*
<got (O): [8, 3]
Plateau 15 17:
    01234567890123456
000 .................
001 .................
002 .................
003 .................
004 .................
005 .................
006 .................
007 .................
008 ..Oo.............
009 ...o.............
010 .................
011 .................
012 .............XX..
013 .................
014 .................
Piece 2 2:
**
..
<got (X): [12, 12]
Plateau 15 17:
    01234567890123456
000 .................
001 .................
002 .................
003 .................
004 .................
005 .................
006 .................
007 .................
008 ..OO.............
009 ...O.............
010 .................
011 .................
012 ............xxX..
013 .................
014 .................
Piece 1 2:
**
<got (O): [9, 3]
Plateau 15 17:
    01234567890123456
000 .................
001 .................
002 .................
003 .................
004 .................
005 .................
006 .................
007 .................
008 ..OO.............
009 ...oo............
010 .................
011 .................
012 ............XXX..
013 .................
014 .................
Piece 2 2:
**
..
<got (X): [12, 11]
Plateau 15 17:
    01234567890123456
000 .................
001 .................
002 .................
003 .................
004 .................
005 .................
006 .................
007 .................
008 ..OO.............
009 ...OO............
010 .................
011 .................
012 ...........xxXX..
013 .................
014 .................
Piece 2 3:
*..
***
<got (O): [9, 4]
Plateau 15 17:
    01234567890123456
000 .................
001 .................
002 .................
003 .................
004 .................
005 .................
006 .................
007 .................
008 ..OO.............
009 ...Oo............
010 ....ooo..........
011 .................
012 ...........XXXX..
013 .................
014 .................
Piece 1 2:
**
<got (X): [12, 10]
Plateau 15 17:
    01234567890123456
000 .................
001 .................
002 .................
003 .................
004 .................
005 .................
006 .................
007 .................
008 ..OO.............
009 ...OO............
010 ....OOO..........
011 .................
012 ..........xxXXX..
013 .................
014 .................
Piece 2 1:
*
*
<got (O): [10, 6]
Plateau 15 17:
    01234567890123456
000 .................
001 .................
002 .................
003 .................
004 .................
005 .................
006 .................
007 .................
008 ..OO.............
009 ...OO............
010 ....OOo..........
011 ......o..........
012 ..........XXXXX..
013 .................
014 .................
Piece 1 2:
**
<got (X): [12, 9]
Plateau 15 17:
    01234567890123456
000 .................
001 .................
002 .................
003 .................
004 .................
005 .................
006 .................
007 .................
008 ..OO.............
009 ...OO............
010 ....OOO..........
011 ......O..........
012 .........xxXXXX..
013 .................
014 .................
Piece 2 1:
*
*
<got (O): [11, 6]
Plateau 15 17:
    01234567890123456
000 .................
001 .................
002 .................
003 .................
004 .................
005 .................
006 .................
007 .................
008 ..OO.............
009 ...OO............
010 ....OOO..........
011 ......o..........
012 ......o..XXXXXX..
013 .................
014 .................
Piece 1 2:
**
<got (X): [12, 8]
Plateau 15 17:
    01234567890123456
000 .................
001 .................
002 .................
003 .................
004 .................
005 .................
006 .................
007 .................
008 ..OO.............
009 ...OO............
010 ....OOO..........
011 ......O..........
012 ......O.xxXXXXX..
013 .................
014 .................
Piece 1 3:
.**
<got (O): [12, 5]
Plateau 15 17:
    01234567890123456
000 .................
001 .................
002 .................
003 .................
004 .................
005 .................
006 .................
007 .................
008 ..OO.............
009 ...OO............
010 ....OOO..........
011 ......O..........
012 ......ooXXXXXXX..
013 .................
014 .................
Piece 1 3:
.**
<got (X): [12, 13]
Plateau 15 17:
    01234567890123456
000 .................
001 .................
002 .................
003 .................
004 .................
005 .................
006 .................
007 .................
008 ..OO.............
009 ...OO............
010 ....OOO..........
011 ......O..........
012 ......OOXXXXXXxx.
013 .................
014 .................
Piece 2 3:
..*
***
<got (O): [12, 5]
Plateau 15 17:
    01234567890123456
000 .................
001 .................
002 .................
003 .................
004 .................
005 .................
006 .................
007 .................
008 ..OO.............
009 ...OO............
010 ....OOO..........
011 ......O..........
012 ......OoXXXXXXXX.
013 .....ooo.........
014 .................
Piece 1 3:
.**
<got (X): [0, 0]
Piece 2 1:
*
*
<got (O): [11, 7]
Plateau 15 17:
    01234567890123456
000 .................
001 .................
002 .................
003 .................
004 .................
005 .................
006 .................
007 .................
008 ..OO.............
009 ...OO............
010 ....OOO..........
011 ......Oo.........
012 ......OoXXXXXXXX.
013 .....OOO.........
014 .................
Piece 2 2:
.*
**
<got (O): [13, 6]
Plateau 15 17:
    01234567890123456
000 .................
001 .................
002 .................
003 .................
004 .................
005 .................
006 .................
007 .................
008 ..OO.............
009 ...OO............
010 ....OOO..........
011 ......OO.........
012 ......OOXXXXXXXX.
013 .....OOo.........
014 ......oo.........
Piece 2 2:
**
..
<got (O): [13, 7]
Plateau 15 17:
    01234567890123456
000 .................
001 .................
002 .................
003 .................
004 .................
005 .................
006 .................
007 .................
008 ..OO.............
009 ...OO............
010 ....OOO..........
011 ......OO.........
012 ......OOXXXXXXXX.
013 .....OOoo........
014 ......OO.........
Piece 2 3:
...
***
<got (O): [12, 8]
Plateau 15 17:
    01234567890123456
000 .................
001 .................
002 .................
003 .................
004 .................
005 .................
006 .................
007 .................
008 ..OO.............
009 ...OO............
010 ....OOO..........
011 ......OO.........
012 ......OOXXXXXXXX.
013 .....OOOooo......
014 ......OO.........
Piece 1 3:
.**
<got (O): [13, 9]
Plateau 15 17:
    01234567890123456
000 .................
001 .................
002 .................
003 .................
004 .................
005 .................
006 .................
007 .................
008 ..OO.............
009 ...OO............
010 ....OOO..........
011 ......OO.........
012 ......OOXXXXXXXX.
013 .....OOOOOoo.....
014 ......OO.........
Piece 2 2:
*.
*.
<got (O): [13, 11]
Plateau 15 17:
    01234567890123456
000 .................
001 .................
002 .................
003 .................
004 .................
005 .................
006 .................
007 .................
008 ..OO.............
009 ...OO............
010 ....OOO..........
011 ......OO.........
012 ......OOXXXXXXXX.
013 .....OOOOOOo.....
014 ......OO...o.....
Piece 1 2:
**
<got (O): [13, 11]
Plateau 15 17:
    01234567890123456
000 .................
001 .................
002 .................
003 .................
004 .................
005 .................
006 .................
007 .................
008 ..OO.............
009 ...OO............
010 ....OOO..........
011 ......OO.........
012 ......OOXXXXXXXX.
013 .....OOOOOOoo....
014 ......OO...O.....
Piece 2 1:
*
*
<got (O): [13, 12]
Plateau 15 17:
    01234567890123456
000 .................
001 .................
002 .................
003 .................
004 .................
005 .................
006 .................
007 .................
008 ..OO.............
009 ...OO............
010 ....OOO..........
011 ......OO.........
012 ......OOXXXXXXXX.
013 .....OOOOOOOo....
014 ......OO...Oo....
Piece 2 2:
**
..
<got (O): [13, 12]
Plateau 15 17:
    01234567890123456
000 .................
001 .................
002 .................
003 .................
004 .................
005 .................
006 .................
007 .................
008 ..OO.............
009 ...OO............
010 ....OOO..........
011 ......OO.........
012 ......OOXXXXXXXX.
013 .....OOOOOOOoo...
014 ......OO...OO....
Piece 1 3:
***
<got (O): [13, 13]
Plateau 15 17:
    01234567890123456
000 .................
001 .................
002 .................
003 .................
004 .................
005 .................
006 .................
007 .................
008 ..OO.............
009 ...OO............
010 ....OOO..........
011 ......OO.........
012 ......OOXXXXXXXX.
013 .....OOOOOOOOooo.
014 ......OO...OO....
Piece 2 2:
*.
*.
<got (O): [13, 15]
Plateau 15 17:
    01234567890123456
000 .................
001 .................
002 .................
003 .................
004 .................
005 .................
006 .................
007 .................
008 ..OO.............
009 ...OO............
010 ....OOO..........
011 ......OO.........
012 ......OOXXXXXXXX.
013 .....OOOOOOOOOOo.
014 ......OO...OO..o.
Piece 1 2:
**
<got (O): [13, 15]
Plateau 15 17:
    01234567890123456
000 .................
001 .................
002 .................
003 .................
004 .................
005 .................
006 .................
007 .................
008 ..OO.............
009 ...OO............
010 ....OOO..........
011 ......OO.........
012 ......OOXXXXXXXX.
013 .....OOOOOOOOOOoo
014 ......OO...OO..O.
Piece 1 3:
.**
<got (O): [14, 14]
Plateau 15 17:
    01234567890123456
000 .................
001 .................
002 .................
003 .................
004 .................
005 .................
006 .................
007 .................
008 ..OO.............
009 ...OO............
010 ....OOO..........
011 ......OO.........
012 ......OOXXXXXXXX.
013 .....OOOOOOOOOOOO
014 ......OO...OO..oo
Piece 2 2:
**
..
<got (O): [12, 5]
Plateau 15 17:
    01234567890123456
000 .................
001 .................
002 .................
003 .................
004 .................
005 .................
006 .................
007 .................
008 ..OO.............
009 ...OO............
010 ....OOO..........
011 ......OO.........
012 .....ooOXXXXXXXX.
013 .....OOOOOOOOOOOO
014 ......OO...OO..OO
Piece 2 2:
*.
*.
<got (O): [13, 14]
Plateau 15 17:
    01234567890123456
000 .................
001 .................
002 .................
003 .................
004 .................
005 .................
006 .................
007 .................
008 ..OO.............
009 ...OO............
010 ....OOO..........
011 ......OO.........
012 .....OOOXXXXXXXX.
013 .....OOOOOOOOOoOO
014 ......OO...OO.oOO
Piece 2 1:
*
*
<got (O): [13, 13]
Plateau 15 17:
    01234567890123456
000 .................
001 .................
002 .................
003 .................
004 .................
005 .................
006 .................
007 .................
008 ..OO.............
009 ...OO............
010 ....OOO..........
011 ......OO.........
012 .....OOOXXXXXXXX.
013 .....OOOOOOOOoOOO
014 ......OO...OOoOOO
Piece 2 2:
**
..
<got (O): [11, 7]
Plateau 15 17:
    01234567890123456
000 .................
001 .................
002 .................
003 .................
004 .................
005 .................
006 .................
007 .................
008 ..OO.............
009 ...OO............
010 ....OOO..........
011 ......Ooo........
012 .....OOOXXXXXXXX.
013 .....OOOOOOOOOOOO
014 ......OO...OOOOOO
Piece 1 3:
***
<got (O): [11, 8]
Plateau 15 17:
    01234567890123456
000 .................
001 .................
002 .................
003 .................
004 .................
005 .................
006 .................
007 .................
008 ..OO.............
009 ...OO............
010 ....OOO..........
011 ......OOooo......
012 .....OOOXXXXXXXX.
013 .....OOOOOOOOOOOO
014 ......OO...OOOOOO
Piece 2 3:
...
***
<got (O): [10, 10]
Plateau 15 17:
    01234567890123456
000 .................
001 .................
002 .................
003 .................
004 .................
005 .................
006 .................
007 .................
008 ..OO.............
009 ...OO............
010 ....OOO..........
011 ......OOOOooo....
012 .....OOOXXXXXXXX.
013 .....OOOOOOOOOOOO
014 ......OO...OOOOOO
Piece 2 2:
..
**
<got (O): [10, 12]
Plateau 15 17:
    01234567890123456
000 .................
001 .................
002 .................
003 .................
004 .................
005 .................
006 .................
007 .................
008 ..OO.............
009 ...OO............
010 ....OOO..........
011 ......OOOOOOoo...
012 .....OOOXXXXXXXX.
013 .....OOOOOOOOOOOO
014 ......OO...OOOOOO
Piece 1 3:
.**
<got (O): [11, 12]
Plateau 15 17:
    01234567890123456
000 .................
001 .................
002 .................
003 .................
004 .................
005 .................
006 .................
007 .................
008 ..OO.............
009 ...OO............
010 ....OOO..........
011 ......OOOOOOOoo..
012 .....OOOXXXXXXXX.
013 .....OOOOOOOOOOOO
014 ......OO...OOOOOO
Piece 2 1:
*
*
<got (O): [13, 10]
Plateau 15 17:
    01234567890123456
000 .................
001 .................
002 .................
003 .................
004 .................
005 .................
006 .................
007 .................
008 ..OO.............
009 ...OO............
010 ....OOO..........
011 ......OOOOOOOOO..
012 .....OOOXXXXXXXX.
013 .....OOOOOoOOOOOO
014 ......OO..oOOOOOO
Piece 2 1:
*
*
<got (O): [13, 9]
Plateau 15 17:
    01234567890123456
000 .................
001 .................
002 .................
003 .................
004 .................
005 .................
006 .................
007 .................
008 ..OO.............
009 ...OO............
010 ....OOO..........
011 ......OOOOOOOOO..
012 .....OOOXXXXXXXX.
013 .....OOOOoOOOOOOO
014 ......OO.oOOOOOOO
Piece 1 3:
.**
<got (O): [11, 13]
Plateau 15 17:
    01234567890123456
000 .................
001 .................
002 .................
003 .................
004 .................
005 .................
006 .................
007 .................
008 ..OO.............
009 ...OO............
010 ....OOO..........
011 ......OOOOOOOOoo.
012 .....OOOXXXXXXXX.
013 .....OOOOOOOOOOOO
014 ......OO.OOOOOOOO
Piece 1 3:
.**
<got (O): [11, 14]
Plateau 15 17:
    01234567890123456
000 .................
001 .................
002 .................
003 .................
004 .................
005 .................
006 .................
007 .................
008 ..OO.............
009 ...OO............
010 ....OOO..........
011 ......OOOOOOOOOoo
012 .....OOOXXXXXXXX.
013 .....OOOOOOOOOOOO
014 ......OO.OOOOOOOO
Piece 1 3:
.**
<got (O): [14, 7]
Plateau 15 17:
    01234567890123456
000 .................
001 .................
002 .................
003 .................
004 .................
005 .................
006 .................
007 .................
008 ..OO.............
009 ...OO............
010 ....OOO..........
011 ......OOOOOOOOOOO
012 .....OOOXXXXXXXX.
013 .....OOOOOOOOOOOO
014 ......OOooOOOOOOO
Piece 1 3:
.**
<got (O): [12, 3]
Plateau 15 17:
    01234567890123456
000 .................
001 .................
002 .................
003 .................
004 .................
005 .................
006 .................
007 .................
008 ..OO.............
009 ...OO............
010 ....OOO..........
011 ......OOOOOOOOOOO
012 ....ooOOXXXXXXXX.
013 .....OOOOOOOOOOOO
014 ......OOOOOOOOOOO
Piece 2 1:
*
*
<got (O): [10, 15]
Plateau 15 17:
    01234567890123456
000 .................
001 .................
002 .................
003 .................
004 .................
005 .................
006 .................
007 .................
008 ..OO.............
009 ...OO............
010 ....OOO........o.
011 ......OOOOOOOOOoO
012 ....OOOOXXXXXXXX.
013 .....OOOOOOOOOOOO
014 ......OOOOOOOOOOO
Piece 1 3:
**.
<got (O): [10, 14]
Plateau 15 17:
    01234567890123456
000 .................
001 .................
002 .................
003 .................
004 .................
005 .................
006 .................
007 .................
008 ..OO.............
009 ...OO............
010 ....OOO.......oo.
011 ......OOOOOOOOOOO
012 ....OOOOXXXXXXXX.
013 .....OOOOOOOOOOOO
014 ......OOOOOOOOOOO
Piece 2 2:
*.
*.
<got (O): [10, 13]
Plateau 15 17:
    01234567890123456
000 .................
001 .................
002 .................
003 .................
004 .................
005 .................
006 .................
007 .................
008 ..OO.............
009 ...OO............
010 ....OOO......oOO.
011 ......OOOOOOOoOOO
012 ....OOOOXXXXXXXX.
013 .....OOOOOOOOOOOO
014 ......OOOOOOOOOOO
Piece 2 2:
**
.*
<got (O): [10, 11]
Plateau 15 17:
    01234567890123456
000 .................
001 .................
002 .................
003 .................
004 .................
005 .................
006 .................
007 .................
008 ..OO.............
009 ...OO............
010 ....OOO....ooOOO.
011 ......OOOOOOoOOOO
012 ....OOOOXXXXXXXX.
013 .....OOOOOOOOOOOO
014 ......OOOOOOOOOOO
Piece 2 2:
*.
**
<got (O): [9, 15]
Plateau 15 17:
    01234567890123456
000 .................
001 .................
002 .................
003 .................
004 .................
005 .................
006 .................
007 .................
008 ..OO.............
009 ...OO..........o.
010 ....OOO....OOOOoo
011 ......OOOOOOOOOOO
012 ....OOOOXXXXXXXX.
013 .....OOOOOOOOOOOO
014 ......OOOOOOOOOOO
Piece 1 2:
**
<got (O): [10, 10]
Plateau 15 17:
    01234567890123456
000 .................
001 .................
002 .................
003 .................
004 .................
005 .................
006 .................
007 .................
008 ..OO.............
009 ...OO..........O.
010 ....OOO...ooOOOOO
011 ......OOOOOOOOOOO
012 ....OOOOXXXXXXXX.
013 .....OOOOOOOOOOOO
014 ......OOOOOOOOOOO
Piece 2 1:
*
*
<got (O): [10, 9]
Plateau 15 17:
    01234567890123456
000 .................
001 .................
002 .................
003 .................
004 .................
005 .................
006 .................
007 .................
008 ..OO.............
009 ...OO..........O.
010 ....OOO..oOOOOOOO
011 ......OOOoOOOOOOO
012 ....OOOOXXXXXXXX.
013 .....OOOOOOOOOOOO
014 ......OOOOOOOOOOO
Piece 2 1:
*
*
<got (O): [10, 8]
Plateau 15 17:
    01234567890123456
000 .................
001 .................
002 .................
003 .................
004 .................
005 .................
006 .................
007 .................
008 ..OO.............
009 ...OO..........O.
010 ....OOO.oOOOOOOOO
011 ......OOoOOOOOOOO
012 ....OOOOXXXXXXXX.
013 .....OOOOOOOOOOOO
014 ......OOOOOOOOOOO
Piece 1 3:
**.
<got (O): [10, 7]
Plateau 15 17:
    01234567890123456
000 .................
001 .................
002 .................
003 .................
004 .................
005 .................
006 .................
007 .................
008 ..OO.............
009 ...OO..........O.
010 ....OOOooOOOOOOOO
011 ......OOOOOOOOOOO
012 ....OOOOXXXXXXXX.
013 .....OOOOOOOOOOOO
014 ......OOOOOOOOOOO
Piece 2 1:
*
*
<got (O): [12, 16]
Plateau 15 17:
    01234567890123456
000 .................
001 .................
002 .................
003 .................
004 .................
005 .................
006 .................
007 .................
008 ..OO.............
009 ...OO..........O.
010 ....OOOOOOOOOOOOO
011 ......OOOOOOOOOOO
012 ....OOOOXXXXXXXXo
013 .....OOOOOOOOOOOo
014 ......OOOOOOOOOOO
Piece 2 2:
**
.*
<got (O): [9, 13]
Plateau 15 17:
    01234567890123456
000 .................
001 .................
002 .................
003 .................
004 .................
005 .................
006 .................
007 .................
008 ..OO.............
009 ...OO........ooO.
010 ....OOOOOOOOOOoOO
011 ......OOOOOOOOOOO
012 ....OOOOXXXXXXXXO
013 .....OOOOOOOOOOOO
014 ......OOOOOOOOOOO
Piece 1 3:
***
<got (O): [11, 4]
Plateau 15 17:
    01234567890123456
000 .................
001 .................
002 .................
003 .................
004 .................
005 .................
006 .................
007 .................
008 ..OO.............
009 ...OO........OOO.
010 ....OOOOOOOOOOOOO
011 ....oooOOOOOOOOOO
012 ....OOOOXXXXXXXXO
013 .....OOOOOOOOOOOO
014 ......OOOOOOOOOOO
Piece 1 2:
**
<got (O): [9, 15]
Plateau 15 17:
    01234567890123456
000 .................
001 .................
002 .................
003 .................
004 .................
005 .................
006 .................
007 .................
008 ..OO.............
009 ...OO........OOoo
010 ....OOOOOOOOOOOOO
011 ....OOOOOOOOOOOOO
012 ....OOOOXXXXXXXXO
013 .....OOOOOOOOOOOO
014 ......OOOOOOOOOOO
Piece 2 1:
*
*
<got (O): [9, 12]
Plateau 15 17:
    01234567890123456
000 .................
001 .................
002 .................
003 .................
004 .................
005 .................
006 .................
007 .................
008 ..OO.............
009 ...OO.......oOOOO
010 ....OOOOOOOOoOOOO
011 ....OOOOOOOOOOOOO
012 ....OOOOXXXXXXXXO
013 .....OOOOOOOOOOOO
014 ......OOOOOOOOOOO
Piece 2 3:
*..
*..
<got (O): [9, 11]
Plateau 15 17:
    01234567890123456
000 .................
001 .................
002 .................
003 .................
004 .................
005 .................
006 .................
007 .................
008 ..OO.............
009 ...OO......oOOOOO
010 ....OOOOOOOoOOOOO
011 ....OOOOOOOOOOOOO
012 ....OOOOXXXXXXXXO
013 .....OOOOOOOOOOOO
014 ......OOOOOOOOOOO
Piece 2 3:
..*
..*
<got (O): [9, 8]
Plateau 15 17:
    01234567890123456
000 .................
001 .................
002 .................
003 .................
004 .................
005 .................
006 .................
007 .................
008 ..OO.............
009 ...OO.....oOOOOOO
010 ....OOOOOOoOOOOOO
011 ....OOOOOOOOOOOOO
012 ....OOOOXXXXXXXXO
013 .....OOOOOOOOOOOO
014 ......OOOOOOOOOOO
Piece 2 1:
*
*
<got (O): [9, 9]
Plateau 15 17:
    01234567890123456
000 .................
001 .................
002 .................
003 .................
004 .................
005 .................
006 .................
007 .................
008 ..OO.............
009 ...OO....oOOOOOOO
010 ....OOOOOoOOOOOOO
011 ....OOOOOOOOOOOOO
012 ....OOOOXXXXXXXXO
013 .....OOOOOOOOOOOO
014 ......OOOOOOOOOOO
Piece 2 1:
*
*
<got (O): [9, 8]
Plateau 15 17:
    01234567890123456
000 .................
001 .................
002 .................
003 .................
004 .................
005 .................
006 .................
007 .................
008 ..OO.............
009 ...OO...oOOOOOOOO
010 ....OOOOoOOOOOOOO
011 ....OOOOOOOOOOOOO
012 ....OOOOXXXXXXXXO
013 .....OOOOOOOOOOOO
014 ......OOOOOOOOOOO
Piece 2 2:
.*
.*
<got (O): [9, 6]
Plateau 15 17:
    01234567890123456
000 .................
001 .................
002 .................
003 .................
004 .................
005 .................
006 .................
007 .................
008 ..OO.............
009 ...OO..oOOOOOOOOO
010 ....OOOoOOOOOOOOO
011 ....OOOOOOOOOOOOO
012 ....OOOOXXXXXXXXO
013 .....OOOOOOOOOOOO
014 ......OOOOOOOOOOO
Piece 1 2:
**
<got (O): [14, 5]
Plateau 15 17:
    01234567890123456
000 .................
001 .................
002 .................
003 .................
004 .................
005 .................
006 .................
007 .................
008 ..OO.............
009 ...OO..OOOOOOOOOO
010 ....OOOOOOOOOOOOO
011 ....OOOOOOOOOOOOO
012 ....OOOOXXXXXXXXO
013 .....OOOOOOOOOOOO
014 .....ooOOOOOOOOOO
Piece 2 2:
.*
**
<got (O): [12, 3]
Plateau 15 17:
    01234567890123456
000 .................
001 .................
002 .................
003 .................
004 .................
005 .................
006 .................
007 .................
008 ..OO.............
009 ...OO..OOOOOOOOOO
010 ....OOOOOOOOOOOOO
011 ....OOOOOOOOOOOOO
012 ....oOOOXXXXXXXXO
013 ...ooOOOOOOOOOOOO
014 .....OOOOOOOOOOOO
Piece 1 3:
***
<got (O): [12, 2]
Plateau 15 17:
    01234567890123456
000 .................
001 .................
002 .................
003 .................
004 .................
005 .................
006 .................
007 .................
008 ..OO.............
009 ...OO..OOOOOOOOOO
010 ....OOOOOOOOOOOOO
011 ....OOOOOOOOOOOOO
012 ..oooOOOXXXXXXXXO
013 ...OOOOOOOOOOOOOO
014 .....OOOOOOOOOOOO
Piece 3 8:
........
........
****....
<got (O): [12, 2]
Plateau 15 17:
    01234567890123456
000 .................
001 .................
002 .................
003 .................
004 .................
005 .................
006 .................
007 .................
008 ..OO.............
009 ...OO..OOOOOOOOOO
010 ....OOOOOOOOOOOOO
011 ....OOOOOOOOOOOOO
012 ..OOOOOOXXXXXXXXO
013 ...OOOOOOOOOOOOOO
014 ..ooooOOOOOOOOOOO
Piece 1 3:
***
<got (O): [9, 5]
Plateau 15 17:
    01234567890123456
000 .................
001 .................
002 .................
003 .................
004 .................
005 .................
006 .................
007 .................
008 ..OO.............
009 ...OOoooOOOOOOOOO
010 ....OOOOOOOOOOOOO
011 ....OOOOOOOOOOOOO
012 ..OOOOOOXXXXXXXXO
013 ...OOOOOOOOOOOOOO
014 ..OOOOOOOOOOOOOOO
Piece 2 3:
***
...
<got (O): [11, 2]
Plateau 15 17:
    01234567890123456
000 .................
001 .................
002 .................
003 .................
004 .................
005 .................
006 .................
007 .................
008 ..OO.............
009 ...OOOOOOOOOOOOOO
010 ....OOOOOOOOOOOOO
011 ..oooOOOOOOOOOOOO
012 ..OOOOOOXXXXXXXXO
013 ...OOOOOOOOOOOOOO
014 ..OOOOOOOOOOOOOOO
Piece 2 3:
.**
...
<got (O): [13, 1]
Plateau 15 17:
    01234567890123456
000 .................
001 .................
002 .................
003 .................
004 .................
005 .................
006 .................
007 .................
008 ..OO.............
009 ...OOOOOOOOOOOOOO
010 ....OOOOOOOOOOOOO
011 ..OOOOOOOOOOOOOOO
012 ..OOOOOOXXXXXXXXO
013 ..ooOOOOOOOOOOOOO
014 ..OOOOOOOOOOOOOOO
Piece 2 3:
.**
...
<got (O): [12, 0]
Plateau 15 17:
    01234567890123456
000 .................
001 .................
002 .................
003 .................
004 .................
005 .................
006 .................
007 .................
008 ..OO.............
009 ...OOOOOOOOOOOOOO
010 ....OOOOOOOOOOOOO
011 ..OOOOOOOOOOOOOOO
012 .ooOOOOOXXXXXXXXO
013 ..OOOOOOOOOOOOOOO
014 ..OOOOOOOOOOOOOOO
Piece 2 1:
*
*
<got (O): [8, 15]
Plateau 15 17:
    01234567890123456
000 .................
001 .................
002 .................
003 .................
004 .................
005 .................
006 .................
007 .................
008 ..OO...........o.
009 ...OOOOOOOOOOOOoO
010 ....OOOOOOOOOOOOO
011 ..OOOOOOOOOOOOOOO
012 .OOOOOOOXXXXXXXXO
013 ..OOOOOOOOOOOOOOO
014 ..OOOOOOOOOOOOOOO
Piece 2 2:
**
.*
<got (O): [8, 13]
Plateau 15 17:
    01234567890123456
000 .................
001 .................
002 .................
003 .................
004 .................
005 .................
006 .................
007 .................
008 ..OO.........ooO.
009 ...OOOOOOOOOOOoOO
010 ....OOOOOOOOOOOOO
011 ..OOOOOOOOOOOOOOO
012 .OOOOOOOXXXXXXXXO
013 ..OOOOOOOOOOOOOOO
014 ..OOOOOOOOOOOOOOO
Piece 2 3:
.**
.**
<got (O): [7, 14]
Plateau 15 17:
    01234567890123456
000 .................
001 .................
002 .................
003 .................
004 .................
005 .................
006 .................
007 ...............oo
008 ..OO.........OOoo
009 ...OOOOOOOOOOOOOO
010 ....OOOOOOOOOOOOO
011 ..OOOOOOOOOOOOOOO
012 .OOOOOOOXXXXXXXXO
013 ..OOOOOOOOOOOOOOO
014 ..OOOOOOOOOOOOOOO
Piece 1 3:
.**
<got (O): [8, 11]
Plateau 15 17:
    01234567890123456
000 .................
001 .................
002 .................
003 .................
004 .................
005 .................
006 .................
007 ...............OO
008 ..OO........ooOOO
009 ...OOOOOOOOOOOOOO
010 ....OOOOOOOOOOOOO
011 ..OOOOOOOOOOOOOOO
012 .OOOOOOOXXXXXXXXO
013 ..OOOOOOOOOOOOOOO
014 ..OOOOOOOOOOOOOOO
Piece 2 3:
.**
.**
<got (O): [7, 10]
Plateau 15 17:
    01234567890123456
000 .................
001 .................
002 .................
003 .................
004 .................
005 .................
006 .................
007 ...........oo..OO
008 ..OO.......ooOOOO
009 ...OOOOOOOOOOOOOO
010 ....OOOOOOOOOOOOO
011 ..OOOOOOOOOOOOOOO
012 .OOOOOOOXXXXXXXXO
013 ..OOOOOOOOOOOOOOO
014 ..OOOOOOOOOOOOOOO
Piece 2 2:
**
**
<got (O): [6, 14]
Plateau 15 17:
    01234567890123456
000 .................
001 .................
002 .................
003 .................
004 .................
005 .................
006 ..............oo.
007 ...........OO.ooO
008 ..OO.......OOOOOO
009 ...OOOOOOOOOOOOOO
010 ....OOOOOOOOOOOOO
011 ..OOOOOOOOOOOOOOO
012 .OOOOOOOXXXXXXXXO
013 ..OOOOOOOOOOOOOOO
014 ..OOOOOOOOOOOOOOO
Piece 2 3:
***
...
<got (O): [8, 9]
Plateau 15 17:
    01234567890123456
000 .................
001 .................
002 .................
003 .................
004 .................
005 .................
006 ..............OO.
007 ...........OO.OOO
008 ..OO.....oooOOOOO
009 ...OOOOOOOOOOOOOO
010 ....OOOOOOOOOOOOO
011 ..OOOOOOOOOOOOOOO
012 .OOOOOOOXXXXXXXXO
013 ..OOOOOOOOOOOOOOO
014 ..OOOOOOOOOOOOOOO
Piece 2 3:
...
***
<got (O): [7, 7]
Plateau 15 17:
    01234567890123456
000 .................
001 .................
002 .................
003 .................
004 .................
005 .................
006 ..............OO.
007 ...........OO.OOO
008 ..OO...oooOOOOOOO
009 ...OOOOOOOOOOOOOO
010 ....OOOOOOOOOOOOO
011 ..OOOOOOOOOOOOOOO
012 .OOOOOOOXXXXXXXXO
013 ..OOOOOOOOOOOOOOO
014 ..OOOOOOOOOOOOOOO
Piece 2 3:
..*
.**
<got (O): [7, 5]
Plateau 15 17:
    01234567890123456
000 .................
001 .................
002 .................
003 .................
004 .................
005 .................
006 ..............OO.
007 .......o...OO.OOO
008 ..OO..ooOOOOOOOOO
009 ...OOOOOOOOOOOOOO
010 ....OOOOOOOOOOOOO
011 ..OOOOOOOOOOOOOOO
012 .OOOOOOOXXXXXXXXO
013 ..OOOOOOOOOOOOOOO
014 ..OOOOOOOOOOOOOOO
Piece 1 2:
**
<got (O): [7, 13]
Plateau 15 17:
    01234567890123456
000 .................
001 .................
002 .................
003 .................
004 .................
005 .................
006 ..............OO.
007 .......O...OOooOO
008 ..OO..OOOOOOOOOOO
009 ...OOOOOOOOOOOOOO
010 ....OOOOOOOOOOOOO
011 ..OOOOOOOOOOOOOOO
012 .OOOOOOOXXXXXXXXO
013 ..OOOOOOOOOOOOOOO
014 ..OOOOOOOOOOOOOOO
Piece 1 3:
**.
<got (O): [7, 10]
Plateau 15 17:
    01234567890123456
000 .................
001 .................
002 .................
003 .................
004 .................
005 .................
006 ..............OO.
007 .......O..ooOOOOO
008 ..OO..OOOOOOOOOOO
009 ...OOOOOOOOOOOOOO
010 ....OOOOOOOOOOOOO
011 ..OOOOOOOOOOOOOOO
012 .OOOOOOOXXXXXXXXO
013 ..OOOOOOOOOOOOOOO
014 ..OOOOOOOOOOOOOOO
Piece 2 3:
...
**.
<got (O): [6, 9]
Plateau 15 17:
    01234567890123456
000 .................
001 .................
002 .................
003 .................
004 .................
005 .................
006 ..............OO.
007 .......O.ooOOOOOO
008 ..OO..OOOOOOOOOOO
009 ...OOOOOOOOOOOOOO
010 ....OOOOOOOOOOOOO
011 ..OOOOOOOOOOOOOOO
012 .OOOOOOOXXXXXXXXO
013 ..OOOOOOOOOOOOOOO
014 ..OOOOOOOOOOOOOOO
Piece 2 3:
*..
*..
<got (O): [7, 8]
Plateau 15 17:
    01234567890123456
000 .................
001 .................
002 .................
003 .................
004 .................
005 .................
006 ..............OO.
007 .......OoOOOOOOOO
008 ..OO..OOoOOOOOOOO
009 ...OOOOOOOOOOOOOO
010 ....OOOOOOOOOOOOO
011 ..OOOOOOOOOOOOOOO
012 .OOOOOOOXXXXXXXXO
013 ..OOOOOOOOOOOOOOO
014 ..OOOOOOOOOOOOOOO
Piece 2 2:
*.
*.
<got (O): [6, 13]
Plateau 15 17:
    01234567890123456
000 .................
001 .................
002 .................
003 .................
004 .................
005 .................
006 .............oOO.
007 .......OOOOOOoOOO
008 ..OO..OOOOOOOOOOO
009 ...OOOOOOOOOOOOOO
010 ....OOOOOOOOOOOOO
011 ..OOOOOOOOOOOOOOO
012 .OOOOOOOXXXXXXXXO
013 ..OOOOOOOOOOOOOOO
014 ..OOOOOOOOOOOOOOO
Piece 2 3:
**.
***
<got (O): [7, 4]
Plateau 15 17:
    01234567890123456
000 .................
001 .................
002 .................
003 .................
004 .................
005 .................
006 .............OOO.
007 ....oo.OOOOOOOOOO
008 ..OOoooOOOOOOOOOO
009 ...OOOOOOOOOOOOOO
010 ....OOOOOOOOOOOOO
011 ..OOOOOOOOOOOOOOO
012 .OOOOOOOXXXXXXXXO
013 ..OOOOOOOOOOOOOOO
014 ..OOOOOOOOOOOOOOO
Piece 1 2:
**
<got (O): [10, 3]
Plateau 15 17:
    01234567890123456
000 .................
001 .................
002 .................
003 .................
004 .................
005 .................
006 .............OOO.
007 ....OO.OOOOOOOOOO
008 ..OOOOOOOOOOOOOOO
009 ...OOOOOOOOOOOOOO
010 ...ooOOOOOOOOOOOO
011 ..OOOOOOOOOOOOOOO
012 .OOOOOOOXXXXXXXXO
013 ..OOOOOOOOOOOOOOO
014 ..OOOOOOOOOOOOOOO
Piece 2 3:
...
.**
<got (O): [6, 5]
Plateau 15 17:
    01234567890123456
000 .................
001 .................
002 .................
003 .................
004 .................
005 .................
006 .............OOO.
007 ....OOooOOOOOOOOO
008 ..OOOOOOOOOOOOOOO
009 ...OOOOOOOOOOOOOO
010 ...OOOOOOOOOOOOOO
011 ..OOOOOOOOOOOOOOO
012 .OOOOOOOXXXXXXXXO
013 ..OOOOOOOOOOOOOOO
014 ..OOOOOOOOOOOOOOO
Piece 1 2:
**
<got (O): [6, 15]
Plateau 15 17:
    01234567890123456
000 .................
001 .................
002 .................
003 .................
004 .................
005 .................
006 .............OOoo
007 ....OOOOOOOOOOOOO
008 ..OOOOOOOOOOOOOOO
009 ...OOOOOOOOOOOOOO
010 ...OOOOOOOOOOOOOO
011 ..OOOOOOOOOOOOOOO
012 .OOOOOOOXXXXXXXXO
013 ..OOOOOOOOOOOOOOO
014 ..OOOOOOOOOOOOOOO
Piece 9 2:
..
..
..
.*
**
..
..
..
..
<got (O): [2, 12]
Plateau 15 17:
    01234567890123456
000 .................
001 .................
002 .................
003 .................
004 .................
005 .............o...
006 ............ooOOO
007 ....OOOOOOOOOOOOO
008 ..OOOOOOOOOOOOOOO
009 ...OOOOOOOOOOOOOO
010 ...OOOOOOOOOOOOOO
011 ..OOOOOOOOOOOOOOO
012 .OOOOOOOXXXXXXXXO
013 ..OOOOOOOOOOOOOOO
014 ..OOOOOOOOOOOOOOO
Piece 2 1:
*
*
<got (O): [6, 11]
Plateau 15 17:
    01234567890123456
000 .................
001 .................
002 .................
003 .................
004 .................
005 .............O...
006 ...........oOOOOO
007 ....OOOOOOOoOOOOO
008 ..OOOOOOOOOOOOOOO
009 ...OOOOOOOOOOOOOO
010 ...OOOOOOOOOOOOOO
011 ..OOOOOOOOOOOOOOO
012 .OOOOOOOXXXXXXXXO
013 ..OOOOOOOOOOOOOOO
014 ..OOOOOOOOOOOOOOO
Piece 2 1:
*
*
<got (O): [6, 10]
Plateau 15 17:
    01234567890123456
000 .................
001 .................
002 .................
003 .................
004 .................
005 .............O...
006 ..........oOOOOOO
007 ....OOOOOOoOOOOOO
008 ..OOOOOOOOOOOOOOO
009 ...OOOOOOOOOOOOOO
010 ...OOOOOOOOOOOOOO
011 ..OOOOOOOOOOOOOOO
012 .OOOOOOOXXXXXXXXO
013 ..OOOOOOOOOOOOOOO
014 ..OOOOOOOOOOOOOOO
Piece 2 1:
*
*
<got (O): [6, 9]
Plateau 15 17:
    01234567890123456
000 .................
001 .................
002 .................
003 .................
004 .................
005 .............O...
006 .........oOOOOOOO
007 ....OOOOOoOOOOOOO
008 ..OOOOOOOOOOOOOOO
009 ...OOOOOOOOOOOOOO
010 ...OOOOOOOOOOOOOO
011 ..OOOOOOOOOOOOOOO
012 .OOOOOOOXXXXXXXXO
013 ..OOOOOOOOOOOOOOO
014 ..OOOOOOOOOOOOOOO
Piece 1 2:
**
<got (O): [6, 8]
Plateau 15 17:
    01234567890123456
000 .................
001 .................
002 .................
003 .................
004 .................
005 .............O...
006 ........ooOOOOOOO
007 ....OOOOOOOOOOOOO
008 ..OOOOOOOOOOOOOOO
009 ...OOOOOOOOOOOOOO
010 ...OOOOOOOOOOOOOO
011 ..OOOOOOOOOOOOOOO
012 .OOOOOOOXXXXXXXXO
013 ..OOOOOOOOOOOOOOO
014 ..OOOOOOOOOOOOOOO
Piece 2 1:
*
*
<got (O): [6, 7]
Plateau 15 17:
    01234567890123456
000 .................
001 .................
002 .................
003 .................
004 .................
005 .............O...
006 .......oOOOOOOOOO
007 ....OOOoOOOOOOOOO
008 ..OOOOOOOOOOOOOOO
009 ...OOOOOOOOOOOOOO
010 ...OOOOOOOOOOOOOO
011 ..OOOOOOOOOOOOOOO
012 .OOOOOOOXXXXXXXXO
013 ..OOOOOOOOOOOOOOO
014 ..OOOOOOOOOOOOOOO
Piece 2 3:
...
***
<got (O): [12, 0]
Plateau 15 17:
    01234567890123456
000 .................
001 .................
002 .................
003 .................
004 .................
005 .............O...
006 .......OOOOOOOOOO
007 ....OOOOOOOOOOOOO
008 ..OOOOOOOOOOOOOOO
009 ...OOOOOOOOOOOOOO
010 ...OOOOOOOOOOOOOO
011 ..OOOOOOOOOOOOOOO
012 .OOOOOOOXXXXXXXXO
013 oooOOOOOOOOOOOOOO
014 ..OOOOOOOOOOOOOOO
Piece 2 1:
*
*
<got (O): [5, 15]
Plateau 15 17:
    01234567890123456
000 .................
001 .................
002 .................
003 .................
004 .................
005 .............O.o.
006 .......OOOOOOOOoO
007 ....OOOOOOOOOOOOO
008 ..OOOOOOOOOOOOOOO
009 ...OOOOOOOOOOOOOO
010 ...OOOOOOOOOOOOOO
011 ..OOOOOOOOOOOOOOO
012 .OOOOOOOXXXXXXXXO
013 OOOOOOOOOOOOOOOOO
014 ..OOOOOOOOOOOOOOO
Piece 1 3:
.**
<got (O): [11, 0]
Plateau 15 17:
    01234567890123456
000 .................
001 .................
002 .................
003 .................
004 .................
005 .............O.O.
006 .......OOOOOOOOOO
007 ....OOOOOOOOOOOOO
008 ..OOOOOOOOOOOOOOO
009 ...OOOOOOOOOOOOOO
010 ...OOOOOOOOOOOOOO
011 .ooOOOOOOOOOOOOOO
012 .OOOOOOOXXXXXXXXO
013 OOOOOOOOOOOOOOOOO
014 ..OOOOOOOOOOOOOOO
Piece 2 2:
.*
**
<got (O): [5, 6]
Plateau 15 17:
    01234567890123456
000 .................
001 .................
002 .................
003 .................
004 .................
005 .......o.....O.O.
006 ......ooOOOOOOOOO
007 ....OOOOOOOOOOOOO
008 ..OOOOOOOOOOOOOOO
009 ...OOOOOOOOOOOOOO
010 ...OOOOOOOOOOOOOO
011 .OOOOOOOOOOOOOOOO
012 .OOOOOOOXXXXXXXXO
013 OOOOOOOOOOOOOOOOO
014 ..OOOOOOOOOOOOOOO
Piece 2 1:
*
*
<got (O): [5, 14]
Plateau 15 17:
    01234567890123456
000 .................
001 .................
002 .................
003 .................
004 .................
005 .......O.....OoO.
006 ......OOOOOOOOoOO
007 ....OOOOOOOOOOOOO
008 ..OOOOOOOOOOOOOOO
009 ...OOOOOOOOOOOOOO
010 ...OOOOOOOOOOOOOO
011 .OOOOOOOOOOOOOOOO
012 .OOOOOOOXXXXXXXXO
013 OOOOOOOOOOOOOOOOO
014 ..OOOOOOOOOOOOOOO
Piece 2 3:
..*
***
<got (O): [4, 11]
Plateau 15 17:
    01234567890123456
000 .................
001 .................
002 .................
003 .................
004 .............o...
005 .......O...oooOO.
006 ......OOOOOOOOOOO
007 ....OOOOOOOOOOOOO
008 ..OOOOOOOOOOOOOOO
009 ...OOOOOOOOOOOOOO
010 ...OOOOOOOOOOOOOO
011 .OOOOOOOOOOOOOOOO
012 .OOOOOOOXXXXXXXXO
013 OOOOOOOOOOOOOOOOO
014 ..OOOOOOOOOOOOOOO
Piece 2 3:
.*.
.**
<got (O): [9, 1]
Plateau 15 17:
    01234567890123456
000 .................
001 .................
002 .................
003 .................
004 .............O...
005 .......O...OOOOO.
006 ......OOOOOOOOOOO
007 ....OOOOOOOOOOOOO
008 ..OOOOOOOOOOOOOOO
009 ..oOOOOOOOOOOOOOO
010 ..ooOOOOOOOOOOOOO
011 .OOOOOOOOOOOOOOOO
012 .OOOOOOOXXXXXXXXO
013 OOOOOOOOOOOOOOOOO
014 ..OOOOOOOOOOOOOOO
Piece 2 3:
**.
*..
<got (O): [5, 9]
Plateau 15 17:
    01234567890123456
000 .................
001 .................
002 .................
003 .................
004 .............O...
005 .......O.ooOOOOO.
006 ......OOOoOOOOOOO
007 ....OOOOOOOOOOOOO
008 ..OOOOOOOOOOOOOOO
009 ..OOOOOOOOOOOOOOO
010 ..OOOOOOOOOOOOOOO
011 .OOOOOOOOOOOOOOOO
012 .OOOOOOOXXXXXXXXO
013 OOOOOOOOOOOOOOOOO
014 ..OOOOOOOOOOOOOOO
Piece 1 3:
***
<got (O): [14, 0]
Plateau 15 17:
    01234567890123456
000 .................
001 .................
002 .................
003 .................
004 .............O...
005 .......O.OOOOOOO.
006 ......OOOOOOOOOOO
007 ....OOOOOOOOOOOOO
008 ..OOOOOOOOOOOOOOO
009 ..OOOOOOOOOOOOOOO
010 ..OOOOOOOOOOOOOOO
011 .OOOOOOOOOOOOOOOO
012 .OOOOOOOXXXXXXXXO
013 OOOOOOOOOOOOOOOOO
014 oooOOOOOOOOOOOOOO
Piece 1 2:
**
<got (O): [12, 0]
Plateau 15 17:
    01234567890123456
000 .................
001 .................
002 .................
003 .................
004 .............O...
005 .......O.OOOOOOO.
006 ......OOOOOOOOOOO
007 ....OOOOOOOOOOOOO
008 ..OOOOOOOOOOOOOOO
009 ..OOOOOOOOOOOOOOO
010 ..OOOOOOOOOOOOOOO
011 .OOOOOOOOOOOOOOOO
012 ooOOOOOOXXXXXXXXO
013 OOOOOOOOOOOOOOOOO
014 OOOOOOOOOOOOOOOOO
Piece 2 1:
*
*
<got (O): [5, 8]
Plateau 15 17:
    01234567890123456
000 .................
001 .................
002 .................
003 .................
004 .............O...
005 .......OoOOOOOOO.
006 ......OOoOOOOOOOO
007 ....OOOOOOOOOOOOO
008 ..OOOOOOOOOOOOOOO
009 ..OOOOOOOOOOOOOOO
010 ..OOOOOOOOOOOOOOO
011 .OOOOOOOOOOOOOOOO
012 OOOOOOOOXXXXXXXXO
013 OOOOOOOOOOOOOOOOO
014 OOOOOOOOOOOOOOOOO
Piece 2 2:
*.
*.
<got (O): [4, 15]
Plateau 15 17:
    01234567890123456
000 .................
001 .................
002 .................
003 .................
004 .............O.o.
005 .......OOOOOOOOo.
006 ......OOOOOOOOOOO
007 ....OOOOOOOOOOOOO
008 ..OOOOOOOOOOOOOOO
009 ..OOOOOOOOOOOOOOO
010 ..OOOOOOOOOOOOOOO
011 .OOOOOOOOOOOOOOOO
012 OOOOOOOOXXXXXXXXO
013 OOOOOOOOOOOOOOOOO
014 OOOOOOOOOOOOOOOOO
Piece 2 3:
.*.
***
<got (O): [9, 0]
Plateau 15 17:
    01234567890123456
000 .................
001 .................
002 .................
003 .................
004 .............O.O.
005 .......OOOOOOOOO.
006 ......OOOOOOOOOOO
007 ....OOOOOOOOOOOOO
008 ..OOOOOOOOOOOOOOO
009 .oOOOOOOOOOOOOOOO
010 oooOOOOOOOOOOOOOO
011 .OOOOOOOOOOOOOOOO
012 OOOOOOOOXXXXXXXXO
013 OOOOOOOOOOOOOOOOO
014 OOOOOOOOOOOOOOOOO
Piece 2 3:
*..
***
<got (O): [5, 4]
Plateau 15 17:
    01234567890123456
000 .................
001 .................
002 .................
003 .................
004 .............O.O.
005 ....o..OOOOOOOOO.
006 ....oooOOOOOOOOOO
007 ....OOOOOOOOOOOOO
008 ..OOOOOOOOOOOOOOO
009 .OOOOOOOOOOOOOOOO
010 OOOOOOOOOOOOOOOOO
011 .OOOOOOOOOOOOOOOO
012 OOOOOOOOXXXXXXXXO
013 OOOOOOOOOOOOOOOOO
014 OOOOOOOOOOOOOOOOO
Piece 1 3:
.**
<got (O): [5, 14]
Plateau 15 17:
    01234567890123456
000 .................
001 .................
002 .................
003 .................
004 .............O.O.
005 ....O..OOOOOOOOoo
006 ....OOOOOOOOOOOOO
007 ....OOOOOOOOOOOOO
008 ..OOOOOOOOOOOOOOO
009 .OOOOOOOOOOOOOOOO
010 OOOOOOOOOOOOOOOOO
011 .OOOOOOOOOOOOOOOO
012 OOOOOOOOXXXXXXXXO
013 OOOOOOOOOOOOOOOOO
014 OOOOOOOOOOOOOOOOO
Piece 2 2:
**
.*
<got (O): [4, 11]
Plateau 15 17:
    01234567890123456
000 .................
001 .................
002 .................
003 .................
004 ...........ooO.O.
005 ....O..OOOOOoOOOO
006 ....OOOOOOOOOOOOO
007 ....OOOOOOOOOOOOO
008 ..OOOOOOOOOOOOOOO
009 .OOOOOOOOOOOOOOOO
010 OOOOOOOOOOOOOOOOO
011 .OOOOOOOOOOOOOOOO
012 OOOOOOOOXXXXXXXXO
013 OOOOOOOOOOOOOOOOO
014 OOOOOOOOOOOOOOOOO
Piece 1 3:
**.
<got (O): [11, 0]
Plateau 15 17:
    01234567890123456
000 .................
001 .................
002 .................
003 .................
004 ...........OOO.O.
005 ....O..OOOOOOOOOO
006 ....OOOOOOOOOOOOO
007 ....OOOOOOOOOOOOO
008 ..OOOOOOOOOOOOOOO
009 .OOOOOOOOOOOOOOOO
010 OOOOOOOOOOOOOOOOO
011 ooOOOOOOOOOOOOOOO
012 OOOOOOOOXXXXXXXXO
013 OOOOOOOOOOOOOOOOO
014 OOOOOOOOOOOOOOOOO
Piece 1 3:
***
<got (O): [5, 5]
Plateau 15 17:
    01234567890123456
000 .................
001 .................
002 .................
003 .................
004 ...........OOO.O.
005 ....OoooOOOOOOOOO
006 ....OOOOOOOOOOOOO
007 ....OOOOOOOOOOOOO
008 ..OOOOOOOOOOOOOOO
009 .OOOOOOOOOOOOOOOO
010 OOOOOOOOOOOOOOOOO
011 OOOOOOOOOOOOOOOOO
012 OOOOOOOOXXXXXXXXO
013 OOOOOOOOOOOOOOOOO
014 OOOOOOOOOOOOOOOOO
Piece 2 2:
**
**
<got (O): [3, 15]
Plateau 15 17:
    01234567890123456
000 .................
001 .................
002 .................
003 ...............oo
004 ...........OOO.oo
005 ....OOOOOOOOOOOOO
006 ....OOOOOOOOOOOOO
007 ....OOOOOOOOOOOOO
008 ..OOOOOOOOOOOOOOO
009 .OOOOOOOOOOOOOOOO
010 OOOOOOOOOOOOOOOOO
011 OOOOOOOOOOOOOOOOO
012 OOOOOOOOXXXXXXXXO
013 OOOOOOOOOOOOOOOOO
014 OOOOOOOOOOOOOOOOO
Piece 2 3:
***
...
<got (O): [4, 9]
Plateau 15 17:
    01234567890123456
000 .................
001 .................
002 .................
003 ...............OO
004 .........oooOO.OO
005 ....OOOOOOOOOOOOO
006 ....OOOOOOOOOOOOO
007 ....OOOOOOOOOOOOO
008 ..OOOOOOOOOOOOOOO
009 .OOOOOOOOOOOOOOOO
010 OOOOOOOOOOOOOOOOO
011 OOOOOOOOOOOOOOOOO
012 OOOOOOOOXXXXXXXXO
013 OOOOOOOOOOOOOOOOO
014 OOOOOOOOOOOOOOOOO
Piece 2 2:
.*
.*
<got (O): [4, 13]
Plateau 15 17:
    01234567890123456
000 .................
001 .................
002 .................
003 ...............OO
004 .........OOOOOoOO
005 ....OOOOOOOOOOoOO
006 ....OOOOOOOOOOOOO
007 ....OOOOOOOOOOOOO
008 ..OOOOOOOOOOOOOOO
009 .OOOOOOOOOOOOOOOO
010 OOOOOOOOOOOOOOOOO
011 OOOOOOOOOOOOOOOOO
012 OOOOOOOOXXXXXXXXO
013 OOOOOOOOOOOOOOOOO
014 OOOOOOOOOOOOOOOOO
Piece 2 3:
***
...
<got (O): [4, 7]
Plateau 15 17:
    01234567890123456
000 .................
001 .................
002 .................
003 ...............OO
004 .......oooOOOOOOO
005 ....OOOOOOOOOOOOO
006 ....OOOOOOOOOOOOO
007 ....OOOOOOOOOOOOO
008 ..OOOOOOOOOOOOOOO
009 .OOOOOOOOOOOOOOOO
010 OOOOOOOOOOOOOOOOO
011 OOOOOOOOOOOOOOOOO
012 OOOOOOOOXXXXXXXXO
013 OOOOOOOOOOOOOOOOO
014 OOOOOOOOOOOOOOOOO
Piece 1 3:
***
<got (O): [7, 2]
Plateau 15 17:
    01234567890123456
000 .................
001 .................
002 .................
003 ...............OO
004 .......OOOOOOOOOO
005 ....OOOOOOOOOOOOO
006 ....OOOOOOOOOOOOO
007 ..oooOOOOOOOOOOOO
008 ..OOOOOOOOOOOOOOO
009 .OOOOOOOOOOOOOOOO
010 OOOOOOOOOOOOOOOOO
011 OOOOOOOOOOOOOOOOO
012 OOOOOOOOXXXXXXXXO
013 OOOOOOOOOOOOOOOOO
014 OOOOOOOOOOOOOOOOO
Piece 2 2:
*.
*.
<got (O): [3, 14]
Plateau 15 17:
    01234567890123456
000 .................
001 .................
002 .................
003 ..............oOO
004 .......OOOOOOOoOO
005 ....OOOOOOOOOOOOO
006 ....OOOOOOOOOOOOO
007 ..OOOOOOOOOOOOOOO
008 ..OOOOOOOOOOOOOOO
009 .OOOOOOOOOOOOOOOO
010 OOOOOOOOOOOOOOOOO
011 OOOOOOOOOOOOOOOOO
012 OOOOOOOOXXXXXXXXO
013 OOOOOOOOOOOOOOOOO
014 OOOOOOOOOOOOOOOOO
Piece 2 3:
*..
*..
<got (O): [3, 13]
Plateau 15 17:
    01234567890123456
000 .................
001 .................
002 .................
003 .............oOOO
004 .......OOOOOOoOOO
005 ....OOOOOOOOOOOOO
006 ....OOOOOOOOOOOOO
007 ..OOOOOOOOOOOOOOO
008 ..OOOOOOOOOOOOOOO
009 .OOOOOOOOOOOOOOOO
010 OOOOOOOOOOOOOOOOO
011 OOOOOOOOOOOOOOOOO
012 OOOOOOOOXXXXXXXXO
013 OOOOOOOOOOOOOOOOO
014 OOOOOOOOOOOOOOOOO
Piece 2 1:
*
*
<got (O): [3, 12]
Plateau 15 17:
    01234567890123456
000 .................
001 .................
002 .................
003 ............oOOOO
004 .......OOOOOoOOOO
005 ....OOOOOOOOOOOOO
006 ....OOOOOOOOOOOOO
007 ..OOOOOOOOOOOOOOO
008 ..OOOOOOOOOOOOOOO
009 .OOOOOOOOOOOOOOOO
010 OOOOOOOOOOOOOOOOO
011 OOOOOOOOOOOOOOOOO
012 OOOOOOOOXXXXXXXXO
013 OOOOOOOOOOOOOOOOO
014 OOOOOOOOOOOOOOOOO
Piece 2 1:
*
*
<got (O): [3, 11]
Plateau 15 17:
    01234567890123456
000 .................
001 .................
002 .................
003 ...........oOOOOO
004 .......OOOOoOOOOO
005 ....OOOOOOOOOOOOO
006 ....OOOOOOOOOOOOO
007 ..OOOOOOOOOOOOOOO
008 ..OOOOOOOOOOOOOOO
009 .OOOOOOOOOOOOOOOO
010 OOOOOOOOOOOOOOOOO
011 OOOOOOOOOOOOOOOOO
012 OOOOOOOOXXXXXXXXO
013 OOOOOOOOOOOOOOOOO
014 OOOOOOOOOOOOOOOOO
Piece 2 3:
...
.**
<got (O): [3, 5]
Plateau 15 17:
    01234567890123456
000 .................
001 .................
002 .................
003 ...........OOOOOO
004 ......ooOOOOOOOOO
005 ....OOOOOOOOOOOOO
006 ....OOOOOOOOOOOOO
007 ..OOOOOOOOOOOOOOO
008 ..OOOOOOOOOOOOOOO
009 .OOOOOOOOOOOOOOOO
010 OOOOOOOOOOOOOOOOO
011 OOOOOOOOOOOOOOOOO
012 OOOOOOOOXXXXXXXXO
013 OOOOOOOOOOOOOOOOO
014 OOOOOOOOOOOOOOOOO
Piece 2 2:
*.
*.
<got (O): [3, 10]
Plateau 15 17:
    01234567890123456
000 .................
001 .................
002 .................
003 ..........oOOOOOO
004 ......OOOOoOOOOOO
005 ....OOOOOOOOOOOOO
006 ....OOOOOOOOOOOOO
007 ..OOOOOOOOOOOOOOO
008 ..OOOOOOOOOOOOOOO
009 .OOOOOOOOOOOOOOOO
010 OOOOOOOOOOOOOOOOO
011 OOOOOOOOOOOOOOOOO
012 OOOOOOOOXXXXXXXXO
013 OOOOOOOOOOOOOOOOO
014 OOOOOOOOOOOOOOOOO
Piece 3 2:
**
.*
..
<got (O): [3, 8]
Plateau 15 17:
    01234567890123456
000 .................
001 .................
002 .................
003 ........ooOOOOOOO
004 ......OOOoOOOOOOO
005 ....OOOOOOOOOOOOO
006 ....OOOOOOOOOOOOO
007 ..OOOOOOOOOOOOOOO
008 ..OOOOOOOOOOOOOOO
009 .OOOOOOOOOOOOOOOO
010 OOOOOOOOOOOOOOOOO
011 OOOOOOOOOOOOOOOOO
012 OOOOOOOOXXXXXXXXO
013 OOOOOOOOOOOOOOOOO
014 OOOOOOOOOOOOOOOOO
Piece 2 3:
.**
...
<got (O): [3, 6]
Plateau 15 17:
    01234567890123456
000 .................
001 .................
002 .................
003 .......ooOOOOOOOO
004 ......OOOOOOOOOOO
005 ....OOOOOOOOOOOOO
006 ....OOOOOOOOOOOOO
007 ..OOOOOOOOOOOOOOO
008 ..OOOOOOOOOOOOOOO
009 .OOOOOOOOOOOOOOOO
010 OOOOOOOOOOOOOOOOO
011 OOOOOOOOOOOOOOOOO
012 OOOOOOOOXXXXXXXXO
013 OOOOOOOOOOOOOOOOO
014 OOOOOOOOOOOOOOOOO
Piece 1 3:
***
<got (O): [8, 0]
Plateau 15 17:
    01234567890123456
000 .................
001 .................
002 .................
003 .......OOOOOOOOOO
004 ......OOOOOOOOOOO
005 ....OOOOOOOOOOOOO
006 ....OOOOOOOOOOOOO
007 ..OOOOOOOOOOOOOOO
008 oooOOOOOOOOOOOOOO
009 .OOOOOOOOOOOOOOOO
010 OOOOOOOOOOOOOOOOO
011 OOOOOOOOOOOOOOOOO
012 OOOOOOOOXXXXXXXXO
013 OOOOOOOOOOOOOOOOO
014 OOOOOOOOOOOOOOOOO
Piece 1 3:
.**
<got (O): [6, 2]
Plateau 15 17:
    01234567890123456
000 .................
001 .................
002 .................
003 .......OOOOOOOOOO
004 ......OOOOOOOOOOO
005 ....OOOOOOOOOOOOO
006 ...ooOOOOOOOOOOOO
007 ..OOOOOOOOOOOOOOO
008 OOOOOOOOOOOOOOOOO
009 .OOOOOOOOOOOOOOOO
010 OOOOOOOOOOOOOOOOO
011 OOOOOOOOOOOOOOOOO
012 OOOOOOOOXXXXXXXXO
013 OOOOOOOOOOOOOOOOO
014 OOOOOOOOOOOOOOOOO
Piece 1 3:
.**
<got (O): [4, 4]
Plateau 15 17:
    01234567890123456
000 .................
001 .................
002 .................
003 .......OOOOOOOOOO
004 .....ooOOOOOOOOOO
005 ....OOOOOOOOOOOOO
006 ...OOOOOOOOOOOOOO
007 ..OOOOOOOOOOOOOOO
008 OOOOOOOOOOOOOOOOO
009 .OOOOOOOOOOOOOOOO
010 OOOOOOOOOOOOOOOOO
011 OOOOOOOOOOOOOOOOO
012 OOOOOOOOXXXXXXXXO
013 OOOOOOOOOOOOOOOOO
014 OOOOOOOOOOOOOOOOO
Piece 2 1:
*
*
<got (O): [2, 15]
Plateau 15 17:
    01234567890123456
000 .................
001 .................
002 ...............o.
003 .......OOOOOOOOoO
004 .....OOOOOOOOOOOO
005 ....OOOOOOOOOOOOO
006 ...OOOOOOOOOOOOOO
007 ..OOOOOOOOOOOOOOO
008 OOOOOOOOOOOOOOOOO
009 .OOOOOOOOOOOOOOOO
010 OOOOOOOOOOOOOOOOO
011 OOOOOOOOOOOOOOOOO
012 OOOOOOOOXXXXXXXXO
013 OOOOOOOOOOOOOOOOO
014 OOOOOOOOOOOOOOOOO
Piece 2 3:
***
.**
<got (O): [2, 5]
Plateau 15 17:
    01234567890123456
000 .................
001 .................
002 .....ooo.......O.
003 ......ooOOOOOOOOO
004 .....OOOOOOOOOOOO
005 ....OOOOOOOOOOOOO
006 ...OOOOOOOOOOOOOO
007 ..OOOOOOOOOOOOOOO
008 OOOOOOOOOOOOOOOOO
009 .OOOOOOOOOOOOOOOO
010 OOOOOOOOOOOOOOOOO
011 OOOOOOOOOOOOOOOOO
012 OOOOOOOOXXXXXXXXO
013 OOOOOOOOOOOOOOOOO
014 OOOOOOOOOOOOOOOOO
Piece 2 3:
*..
*..
<got (O): [2, 14]
Plateau 15 17:
    01234567890123456
000 .................
001 .................
002 .....OOO......oO.
003 ......OOOOOOOOoOO
004 .....OOOOOOOOOOOO
005 ....OOOOOOOOOOOOO
006 ...OOOOOOOOOOOOOO
007 ..OOOOOOOOOOOOOOO
008 OOOOOOOOOOOOOOOOO
009 .OOOOOOOOOOOOOOOO
010 OOOOOOOOOOOOOOOOO
011 OOOOOOOOOOOOOOOOO
012 OOOOOOOOXXXXXXXXO
013 OOOOOOOOOOOOOOOOO
014 OOOOOOOOOOOOOOOOO
Piece 1 3:
.**
<got (O): [2, 14]
Plateau 15 17:
    01234567890123456
000 .................
001 .................
002 .....OOO......Ooo
003 ......OOOOOOOOOOO
004 .....OOOOOOOOOOOO
005 ....OOOOOOOOOOOOO
006 ...OOOOOOOOOOOOOO
007 ..OOOOOOOOOOOOOOO
008 OOOOOOOOOOOOOOOOO
009 .OOOOOOOOOOOOOOOO
010 OOOOOOOOOOOOOOOOO
011 OOOOOOOOOOOOOOOOO
012 OOOOOOOOXXXXXXXXO
013 OOOOOOOOOOOOOOOOO
014 OOOOOOOOOOOOOOOOO
Piece 1 3:
**.
<got (O): [9, 0]
Plateau 15 17:
    01234567890123456
000 .................
001 .................
002 .....OOO......OOO
003 ......OOOOOOOOOOO
004 .....OOOOOOOOOOOO
005 ....OOOOOOOOOOOOO
006 ...OOOOOOOOOOOOOO
007 ..OOOOOOOOOOOOOOO
008 OOOOOOOOOOOOOOOOO
009 ooOOOOOOOOOOOOOOO
010 OOOOOOOOOOOOOOOOO
011 OOOOOOOOOOOOOOOOO
012 OOOOOOOOXXXXXXXXO
013 OOOOOOOOOOOOOOOOO
014 OOOOOOOOOOOOOOOOO
Piece 1 3:
.**
<got (O): [2, 12]
Plateau 15 17:
    01234567890123456
000 .................
001 .................
002 .....OOO.....ooOO
003 ......OOOOOOOOOOO
004 .....OOOOOOOOOOOO
005 ....OOOOOOOOOOOOO
006 ...OOOOOOOOOOOOOO
007 ..OOOOOOOOOOOOOOO
008 OOOOOOOOOOOOOOOOO
009 OOOOOOOOOOOOOOOOO
010 OOOOOOOOOOOOOOOOO
011 OOOOOOOOOOOOOOOOO
012 OOOOOOOOXXXXXXXXO
013 OOOOOOOOOOOOOOOOO
014 OOOOOOOOOOOOOOOOO
Piece 2 1:
*
*
<got (O): [2, 12]
Plateau 15 17:
    01234567890123456
000 .................
001 .................
002 .....OOO....oOOOO
003 ......OOOOOOoOOOO
004 .....OOOOOOOOOOOO
005 ....OOOOOOOOOOOOO
006 ...OOOOOOOOOOOOOO
007 ..OOOOOOOOOOOOOOO
008 OOOOOOOOOOOOOOOOO
009 OOOOOOOOOOOOOOOOO
010 OOOOOOOOOOOOOOOOO
011 OOOOOOOOOOOOOOOOO
012 OOOOOOOOXXXXXXXXO
013 OOOOOOOOOOOOOOOOO
014 OOOOOOOOOOOOOOOOO
Piece 2 3:
.**
...
<got (O): [2, 10]
Plateau 15 17:
    01234567890123456
000 .................
001 .................
002 .....OOO...ooOOOO
003 ......OOOOOOOOOOO
004 .....OOOOOOOOOOOO
005 ....OOOOOOOOOOOOO
006 ...OOOOOOOOOOOOOO
007 ..OOOOOOOOOOOOOOO
008 OOOOOOOOOOOOOOOOO
009 OOOOOOOOOOOOOOOOO
010 OOOOOOOOOOOOOOOOO
011 OOOOOOOOOOOOOOOOO
012 OOOOOOOOXXXXXXXXO
013 OOOOOOOOOOOOOOOOO
014 OOOOOOOOOOOOOOOOO
Piece 2 2:
.*
**
<got (O): [1, 10]
Plateau 15 17:
    01234567890123456
000 .................
001 ...........o.....
002 .....OOO..ooOOOOO
003 ......OOOOOOOOOOO
004 .....OOOOOOOOOOOO
005 ....OOOOOOOOOOOOO
006 ...OOOOOOOOOOOOOO
007 ..OOOOOOOOOOOOOOO
008 OOOOOOOOOOOOOOOOO
009 OOOOOOOOOOOOOOOOO
010 OOOOOOOOOOOOOOOOO
011 OOOOOOOOOOOOOOOOO
012 OOOOOOOOXXXXXXXXO
013 OOOOOOOOOOOOOOOOO
014 OOOOOOOOOOOOOOOOO
Piece 2 2:
*.
*.
<got (O): [2, 9]
Plateau 15 17:
    01234567890123456
000 .................
001 ...........O.....
002 .....OOO.oOOOOOOO
003 ......OOOoOOOOOOO
004 .....OOOOOOOOOOOO
005 ....OOOOOOOOOOOOO
006 ...OOOOOOOOOOOOOO
007 ..OOOOOOOOOOOOOOO
008 OOOOOOOOOOOOOOOOO
009 OOOOOOOOOOOOOOOOO
010 OOOOOOOOOOOOOOOOO
011 OOOOOOOOOOOOOOOOO
012 OOOOOOOOXXXXXXXXO
013 OOOOOOOOOOOOOOOOO
014 OOOOOOOOOOOOOOOOO
Piece 1 3:
.**
<got (O): [2, 7]
Plateau 15 17:
    01234567890123456
000 .................
001 ...........O.....
002 .....OOOooOOOOOOO
003 ......OOOOOOOOOOO
004 .....OOOOOOOOOOOO
005 ....OOOOOOOOOOOOO
006 ...OOOOOOOOOOOOOO
007 ..OOOOOOOOOOOOOOO
008 OOOOOOOOOOOOOOOOO
009 OOOOOOOOOOOOOOOOO
010 OOOOOOOOOOOOOOOOO
011 OOOOOOOOOOOOOOOOO
012 OOOOOOOOXXXXXXXXO
013 OOOOOOOOOOOOOOOOO
014 OOOOOOOOOOOOOOOOO
Piece 1 2:
**
<got (O): [7, 1]
Plateau 15 17:
    01234567890123456
000 .................
001 ...........O.....
002 .....OOOOOOOOOOOO
003 ......OOOOOOOOOOO
004 .....OOOOOOOOOOOO
005 ....OOOOOOOOOOOOO
006 ...OOOOOOOOOOOOOO
007 .ooOOOOOOOOOOOOOO
008 OOOOOOOOOOOOOOOOO
009 OOOOOOOOOOOOOOOOO
010 OOOOOOOOOOOOOOOOO
011 OOOOOOOOOOOOOOOOO
012 OOOOOOOOXXXXXXXXO
013 OOOOOOOOOOOOOOOOO
014 OOOOOOOOOOOOOOOOO
Piece 2 3:
.**
.**
<got (O): [5, 1]
Plateau 15 17:
    01234567890123456
000 .................
001 ...........O.....
002 .....OOOOOOOOOOOO
003 ......OOOOOOOOOOO
004 .....OOOOOOOOOOOO
005 ..ooOOOOOOOOOOOOO
006 ..ooOOOOOOOOOOOOO
007 .OOOOOOOOOOOOOOOO
008 OOOOOOOOOOOOOOOOO
009 OOOOOOOOOOOOOOOOO
010 OOOOOOOOOOOOOOOOO
011 OOOOOOOOOOOOOOOOO
012 OOOOOOOOXXXXXXXXO
013 OOOOOOOOOOOOOOOOO
014 OOOOOOOOOOOOOOOOO
Piece 1 3:
.**
<got (O): [4, 3]
Plateau 15 17:
    01234567890123456
000 .................
001 ...........O.....
002 .....OOOOOOOOOOOO
003 ......OOOOOOOOOOO
004 ....ooOOOOOOOOOOO
005 ..OOOOOOOOOOOOOOO
006 ..OOOOOOOOOOOOOOO
007 .OOOOOOOOOOOOOOOO
008 OOOOOOOOOOOOOOOOO
009 OOOOOOOOOOOOOOOOO
010 OOOOOOOOOOOOOOOOO
011 OOOOOOOOOOOOOOOOO
012 OOOOOOOOXXXXXXXXO
013 OOOOOOOOOOOOOOOOO
014 OOOOOOOOOOOOOOOOO
Piece 2 2:
*.
*.
<got (O): [1, 15]
Plateau 15 17:
    01234567890123456
000 .................
001 ...........O...o.
002 .....OOOOOOOOOOoO
003 ......OOOOOOOOOOO
004 ....OOOOOOOOOOOOO
005 ..OOOOOOOOOOOOOOO
006 ..OOOOOOOOOOOOOOO
007 .OOOOOOOOOOOOOOOO
008 OOOOOOOOOOOOOOOOO
009 OOOOOOOOOOOOOOOOO
010 OOOOOOOOOOOOOOOOO
011 OOOOOOOOOOOOOOOOO
012 OOOOOOOOXXXXXXXXO
013 OOOOOOOOOOOOOOOOO
014 OOOOOOOOOOOOOOOOO
Piece 1 2:
**
<got (O): [3, 5]
Plateau 15 17:
    01234567890123456
000 .................
001 ...........O...O.
002 .....OOOOOOOOOOOO
003 .....ooOOOOOOOOOO
004 ....OOOOOOOOOOOOO
005 ..OOOOOOOOOOOOOOO
006 ..OOOOOOOOOOOOOOO
007 .OOOOOOOOOOOOOOOO
008 OOOOOOOOOOOOOOOOO
009 OOOOOOOOOOOOOOOOO
010 OOOOOOOOOOOOOOOOO
011 OOOOOOOOOOOOOOOOO
012 OOOOOOOOXXXXXXXXO
013 OOOOOOOOOOOOOOOOO
014 OOOOOOOOOOOOOOOOO
Piece 2 2:
**
..
<got (O): [1, 15]
Plateau 15 17:
    01234567890123456
000 .................
001 ...........O...oo
002 .....OOOOOOOOOOOO
003 .....OOOOOOOOOOOO
004 ....OOOOOOOOOOOOO
005 ..OOOOOOOOOOOOOOO
006 ..OOOOOOOOOOOOOOO
007 .OOOOOOOOOOOOOOOO
008 OOOOOOOOOOOOOOOOO
009 OOOOOOOOOOOOOOOOO
010 OOOOOOOOOOOOOOOOO
011 OOOOOOOOOOOOOOOOO
012 OOOOOOOOXXXXXXXXO
013 OOOOOOOOOOOOOOOOO
014 OOOOOOOOOOOOOOOOO
Piece 1 3:
**.
<got (O): [1, 14]
Plateau 15 17:
    01234567890123456
000 .................
001 ...........O..ooO
002 .....OOOOOOOOOOOO
003 .....OOOOOOOOOOOO
004 ....OOOOOOOOOOOOO
005 ..OOOOOOOOOOOOOOO
006 ..OOOOOOOOOOOOOOO
007 .OOOOOOOOOOOOOOOO
008 OOOOOOOOOOOOOOOOO
009 OOOOOOOOOOOOOOOOO
010 OOOOOOOOOOOOOOOOO
011 OOOOOOOOOOOOOOOOO
012 OOOOOOOOXXXXXXXXO
013 OOOOOOOOOOOOOOOOO
014 OOOOOOOOOOOOOOOOO
Piece 2 1:
*
*
<got (O): [1, 13]
Plateau 15 17:
    01234567890123456
000 .................
001 ...........O.oOOO
002 .....OOOOOOOOoOOO
003 .....OOOOOOOOOOOO
004 ....OOOOOOOOOOOOO
005 ..OOOOOOOOOOOOOOO
006 ..OOOOOOOOOOOOOOO
007 .OOOOOOOOOOOOOOOO
008 OOOOOOOOOOOOOOOOO
009 OOOOOOOOOOOOOOOOO
010 OOOOOOOOOOOOOOOOO
011 OOOOOOOOOOOOOOOOO
012 OOOOOOOOXXXXXXXXO
013 OOOOOOOOOOOOOOOOO
014 OOOOOOOOOOOOOOOOO
Piece 1 2:
**
<got (O): [1, 12]
Plateau 15 17:
    01234567890123456
000 .................
001 ...........OooOOO
002 .....OOOOOOOOOOOO
003 .....OOOOOOOOOOOO
004 ....OOOOOOOOOOOOO
005 ..OOOOOOOOOOOOOOO
006 ..OOOOOOOOOOOOOOO
007 .OOOOOOOOOOOOOOOO
008 OOOOOOOOOOOOOOOOO
009 OOOOOOOOOOOOOOOOO
010 OOOOOOOOOOOOOOOOO
011 OOOOOOOOOOOOOOOOO
012 OOOOOOOOXXXXXXXXO
013 OOOOOOOOOOOOOOOOO
014 OOOOOOOOOOOOOOOOO
Piece 2 3:
..*
..*
<got (O): [1, 8]
Plateau 15 17:
    01234567890123456
000 .................
001 ..........oOOOOOO
002 .....OOOOOoOOOOOO
003 .....OOOOOOOOOOOO
004 ....OOOOOOOOOOOOO
005 ..OOOOOOOOOOOOOOO
006 ..OOOOOOOOOOOOOOO
007 .OOOOOOOOOOOOOOOO
008 OOOOOOOOOOOOOOOOO
009 OOOOOOOOOOOOOOOOO
010 OOOOOOOOOOOOOOOOO
011 OOOOOOOOOOOOOOOOO
012 OOOOOOOOXXXXXXXXO
013 OOOOOOOOOOOOOOOOO
014 OOOOOOOOOOOOOOOOO
Piece 2 3:
.*.
***
<got (O): [0, 8]
Plateau 15 17:
    01234567890123456
000 .........o.......
001 ........oooOOOOOO
002 .....OOOOOOOOOOOO
003 .....OOOOOOOOOOOO
004 ....OOOOOOOOOOOOO
005 ..OOOOOOOOOOOOOOO
006 ..OOOOOOOOOOOOOOO
007 .OOOOOOOOOOOOOOOO
008 OOOOOOOOOOOOOOOOO
009 OOOOOOOOOOOOOOOOO
010 OOOOOOOOOOOOOOOOO
011 OOOOOOOOOOOOOOOOO
012 OOOOOOOOXXXXXXXXO
013 OOOOOOOOOOOOOOOOO
014 OOOOOOOOOOOOOOOOO
Piece 1 3:
***
<got (O): [1, 6]
Plateau 15 17:
    01234567890123456
000 .........O.......
001 ......oooOOOOOOOO
002 .....OOOOOOOOOOOO
003 .....OOOOOOOOOOOO
004 ....OOOOOOOOOOOOO
005 ..OOOOOOOOOOOOOOO
006 ..OOOOOOOOOOOOOOO
007 .OOOOOOOOOOOOOOOO
008 OOOOOOOOOOOOOOOOO
009 OOOOOOOOOOOOOOOOO
010 OOOOOOOOOOOOOOOOO
011 OOOOOOOOOOOOOOOOO
012 OOOOOOOOXXXXXXXXO
013 OOOOOOOOOOOOOOOOO
014 OOOOOOOOOOOOOOOOO
Piece 2 3:
*..
*..
<got (O): [0, 14]
Plateau 15 17:
    01234567890123456
000 .........O....o..
001 ......OOOOOOOOoOO
002 .....OOOOOOOOOOOO
003 .....OOOOOOOOOOOO
004 ....OOOOOOOOOOOOO
005 ..OOOOOOOOOOOOOOO
006 ..OOOOOOOOOOOOOOO
007 .OOOOOOOOOOOOOOOO
008 OOOOOOOOOOOOOOOOO
009 OOOOOOOOOOOOOOOOO
010 OOOOOOOOOOOOOOOOO
011 OOOOOOOOOOOOOOOOO
012 OOOOOOOOXXXXXXXXO
013 OOOOOOOOOOOOOOOOO
014 OOOOOOOOOOOOOOOOO
Piece 2 10:
...*......
...***....
<got (O): [2, 0]
Plateau 15 17:
    01234567890123456
000 .........O....O..
001 ......OOOOOOOOOOO
002 ...o.OOOOOOOOOOOO
003 ...oooOOOOOOOOOOO
004 ....OOOOOOOOOOOOO
005 ..OOOOOOOOOOOOOOO
006 ..OOOOOOOOOOOOOOO
007 .OOOOOOOOOOOOOOOO
008 OOOOOOOOOOOOOOOOO
009 OOOOOOOOOOOOOOOOO
010 OOOOOOOOOOOOOOOOO
011 OOOOOOOOOOOOOOOOO
012 OOOOOOOOXXXXXXXXO
013 OOOOOOOOOOOOOOOOO
014 OOOOOOOOOOOOOOOOO
Piece 1 3:
***
<got (O): [6, 0]
Plateau 15 17:
    01234567890123456
000 .........O....O..
001 ......OOOOOOOOOOO
002 ...O.OOOOOOOOOOOO
003 ...OOOOOOOOOOOOOO
004 ....OOOOOOOOOOOOO
005 ..OOOOOOOOOOOOOOO
006 oooOOOOOOOOOOOOOO
007 .OOOOOOOOOOOOOOOO
008 OOOOOOOOOOOOOOOOO
009 OOOOOOOOOOOOOOOOO
010 OOOOOOOOOOOOOOOOO
011 OOOOOOOOOOOOOOOOO
012 OOOOOOOOXXXXXXXXO
013 OOOOOOOOOOOOOOOOO
014 OOOOOOOOOOOOOOOOO
Piece 2 1:
*
*
<got (O): [0, 15]
Plateau 15 17:
    01234567890123456
000 .........O....Oo.
001 ......OOOOOOOOOoO
002 ...O.OOOOOOOOOOOO
003 ...OOOOOOOOOOOOOO
004 ....OOOOOOOOOOOOO
005 ..OOOOOOOOOOOOOOO
006 OOOOOOOOOOOOOOOOO
007 .OOOOOOOOOOOOOOOO
008 OOOOOOOOOOOOOOOOO
009 OOOOOOOOOOOOOOOOO
010 OOOOOOOOOOOOOOOOO
011 OOOOOOOOOOOOOOOOO
012 OOOOOOOOXXXXXXXXO
013 OOOOOOOOOOOOOOOOO
014 OOOOOOOOOOOOOOOOO
Piece 2 2:
**
.*
<got (O): [0, 12]
Plateau 15 17:
    01234567890123456
000 .........O..ooOO.
001 ......OOOOOOOoOOO
002 ...O.OOOOOOOOOOOO
003 ...OOOOOOOOOOOOOO
004 ....OOOOOOOOOOOOO
005 ..OOOOOOOOOOOOOOO
006 OOOOOOOOOOOOOOOOO
007 .OOOOOOOOOOOOOOOO
008 OOOOOOOOOOOOOOOOO
009 OOOOOOOOOOOOOOOOO
010 OOOOOOOOOOOOOOOOO
011 OOOOOOOOOOOOOOOOO
012 OOOOOOOOXXXXXXXXO
013 OOOOOOOOOOOOOOOOO
014 OOOOOOOOOOOOOOOOO
Piece 2 3:
*..
**.
<got (O): [4, 1]
Plateau 15 17:
    01234567890123456
000 .........O..OOOO.
001 ......OOOOOOOOOOO
002 ...O.OOOOOOOOOOOO
003 ...OOOOOOOOOOOOOO
004 .o..OOOOOOOOOOOOO
005 .ooOOOOOOOOOOOOOO
006 OOOOOOOOOOOOOOOOO
007 .OOOOOOOOOOOOOOOO
008 OOOOOOOOOOOOOOOOO
009 OOOOOOOOOOOOOOOOO
010 OOOOOOOOOOOOOOOOO
011 OOOOOOOOOOOOOOOOO
012 OOOOOOOOXXXXXXXXO
013 OOOOOOOOOOOOOOOOO
014 OOOOOOOOOOOOOOOOO
Piece 1 2:
**
<got (O): [7, 0]
Plateau 15 17:
    01234567890123456
000 .........O..OOOO.
001 ......OOOOOOOOOOO
002 ...O.OOOOOOOOOOOO
003 ...OOOOOOOOOOOOOO
004 .O..OOOOOOOOOOOOO
005 .OOOOOOOOOOOOOOOO
006 OOOOOOOOOOOOOOOOO
007 ooOOOOOOOOOOOOOOO
008 OOOOOOOOOOOOOOOOO
009 OOOOOOOOOOOOOOOOO
010 OOOOOOOOOOOOOOOOO
011 OOOOOOOOOOOOOOOOO
012 OOOOOOOOXXXXXXXXO
013 OOOOOOOOOOOOOOOOO
014 OOOOOOOOOOOOOOOOO
Piece 1 2:
**
<got (O): [4, 3]
Plateau 15 17:
    01234567890123456
000 .........O..OOOO.
001 ......OOOOOOOOOOO
002 ...O.OOOOOOOOOOOO
003 ...OOOOOOOOOOOOOO
004 .O.ooOOOOOOOOOOOO
005 .OOOOOOOOOOOOOOOO
006 OOOOOOOOOOOOOOOOO
007 OOOOOOOOOOOOOOOOO
008 OOOOOOOOOOOOOOOOO
009 OOOOOOOOOOOOOOOOO
010 OOOOOOOOOOOOOOOOO
011 OOOOOOOOOOOOOOOOO
012 OOOOOOOOXXXXXXXXO
013 OOOOOOOOOOOOOOOOO
014 OOOOOOOOOOOOOOOOO
Piece 1 3:
.**
<got (O): [0, 14]
Plateau 15 17:
    01234567890123456
000 .........O..OOOoo
001 ......OOOOOOOOOOO
002 ...O.OOOOOOOOOOOO
003 ...OOOOOOOOOOOOOO
004 .O.OOOOOOOOOOOOOO
005 .OOOOOOOOOOOOOOOO
006 OOOOOOOOOOOOOOOOO
007 OOOOOOOOOOOOOOOOO
008 OOOOOOOOOOOOOOOOO
009 OOOOOOOOOOOOOOOOO
010 OOOOOOOOOOOOOOOOO
011 OOOOOOOOOOOOOOOOO
012 OOOOOOOOXXXXXXXXO
013 OOOOOOOOOOOOOOOOO
014 OOOOOOOOOOOOOOOOO
Piece 2 3:
**.
...
<got (O): [0, 11]
Plateau 15 17:
    01234567890123456
000 .........O.ooOOOO
001 ......OOOOOOOOOOO
002 ...O.OOOOOOOOOOOO
003 ...OOOOOOOOOOOOOO
004 .O.OOOOOOOOOOOOOO
005 .OOOOOOOOOOOOOOOO
006 OOOOOOOOOOOOOOOOO
007 OOOOOOOOOOOOOOOOO
008 OOOOOOOOOOOOOOOOO
009 OOOOOOOOOOOOOOOOO
010 OOOOOOOOOOOOOOOOO
011 OOOOOOOOOOOOOOOOO
012 OOOOOOOOXXXXXXXXO
013 OOOOOOOOOOOOOOOOO
014 OOOOOOOOOOOOOOOOO
Piece 2 3:
.**
...
<got (O): [0, 9]
Plateau 15 17:
    01234567890123456
000 .........OooOOOOO
001 ......OOOOOOOOOOO
002 ...O.OOOOOOOOOOOO
003 ...OOOOOOOOOOOOOO
004 .O.OOOOOOOOOOOOOO
005 .OOOOOOOOOOOOOOOO
006 OOOOOOOOOOOOOOOOO
007 OOOOOOOOOOOOOOOOO
008 OOOOOOOOOOOOOOOOO
009 OOOOOOOOOOOOOOOOO
010 OOOOOOOOOOOOOOOOO
011 OOOOOOOOOOOOOOOOO
012 OOOOOOOOXXXXXXXXO
013 OOOOOOOOOOOOOOOOO
014 OOOOOOOOOOOOOOOOO
Piece 1 2:
**
<got (O): [0, 8]
Plateau 15 17:
    01234567890123456
000 ........ooOOOOOOO
001 ......OOOOOOOOOOO
002 ...O.OOOOOOOOOOOO
003 ...OOOOOOOOOOOOOO
004 .O.OOOOOOOOOOOOOO
005 .OOOOOOOOOOOOOOOO
006 OOOOOOOOOOOOOOOOO
007 OOOOOOOOOOOOOOOOO
008 OOOOOOOOOOOOOOOOO
009 OOOOOOOOOOOOOOOOO
010 OOOOOOOOOOOOOOOOO
011 OOOOOOOOOOOOOOOOO
012 OOOOOOOOXXXXXXXXO
013 OOOOOOOOOOOOOOOOO
014 OOOOOOOOOOOOOOOOO
Piece 2 3:
*..
*..
<got (O): [0, 7]
Plateau 15 17:
    01234567890123456
000 .......oOOOOOOOOO
001 ......OoOOOOOOOOO
002 ...O.OOOOOOOOOOOO
003 ...OOOOOOOOOOOOOO
004 .O.OOOOOOOOOOOOOO
005 .OOOOOOOOOOOOOOOO
006 OOOOOOOOOOOOOOOOO
007 OOOOOOOOOOOOOOOOO
008 OOOOOOOOOOOOOOOOO
009 OOOOOOOOOOOOOOOOO
010 OOOOOOOOOOOOOOOOO
011 OOOOOOOOOOOOOOOOO
012 OOOOOOOOXXXXXXXXO
013 OOOOOOOOOOOOOOOOO
014 OOOOOOOOOOOOOOOOO
Piece 1 3:
.**
<got (O): [4, 1]
Plateau 15 17:
    01234567890123456
000 .......OOOOOOOOOO
001 ......OOOOOOOOOOO
002 ...O.OOOOOOOOOOOO
003 ...OOOOOOOOOOOOOO
004 .OooOOOOOOOOOOOOO
005 .OOOOOOOOOOOOOOOO
006 OOOOOOOOOOOOOOOOO
007 OOOOOOOOOOOOOOOOO
008 OOOOOOOOOOOOOOOOO
009 OOOOOOOOOOOOOOOOO
010 OOOOOOOOOOOOOOOOO
011 OOOOOOOOOOOOOOOOO
012 OOOOOOOOXXXXXXXXO
013 OOOOOOOOOOOOOOOOO
014 OOOOOOOOOOOOOOOOO
Piece 2 2:
**
.*
<got (O): [1, 4]
Plateau 15 17:
    01234567890123456
000 .......OOOOOOOOOO
001 ....ooOOOOOOOOOOO
002 ...O.oOOOOOOOOOOO
003 ...OOOOOOOOOOOOOO
004 .OOOOOOOOOOOOOOOO
005 .OOOOOOOOOOOOOOOO
006 OOOOOOOOOOOOOOOOO
007 OOOOOOOOOOOOOOOOO
008 OOOOOOOOOOOOOOOOO
009 OOOOOOOOOOOOOOOOO
010 OOOOOOOOOOOOOOOOO
011 OOOOOOOOOOOOOOOOO
012 OOOOOOOOXXXXXXXXO
013 OOOOOOOOOOOOOOOOO
014 OOOOOOOOOOOOOOOOO
Piece 2 1:
*
*
<got (O): [2, 4]
Plateau 15 17:
    01234567890123456
000 .......OOOOOOOOOO
001 ....OOOOOOOOOOOOO
002 ...OoOOOOOOOOOOOO
003 ...OoOOOOOOOOOOOO
004 .OOOOOOOOOOOOOOOO
005 .OOOOOOOOOOOOOOOO
006 OOOOOOOOOOOOOOOOO
007 OOOOOOOOOOOOOOOOO
008 OOOOOOOOOOOOOOOOO
009 OOOOOOOOOOOOOOOOO
010 OOOOOOOOOOOOOOOOO
011 OOOOOOOOOOOOOOOOO
012 OOOOOOOOXXXXXXXXO
013 OOOOOOOOOOOOOOOOO
014 OOOOOOOOOOOOOOOOO
Piece 1 3:
**.
<got (O): [0, 6]
Plateau 15 17:
    01234567890123456
000 ......ooOOOOOOOOO
001 ....OOOOOOOOOOOOO
002 ...OOOOOOOOOOOOOO
003 ...OOOOOOOOOOOOOO
004 .OOOOOOOOOOOOOOOO
005 .OOOOOOOOOOOOOOOO
006 OOOOOOOOOOOOOOOOO
007 OOOOOOOOOOOOOOOOO
008 OOOOOOOOOOOOOOOOO
009 OOOOOOOOOOOOOOOOO
010 OOOOOOOOOOOOOOOOO
011 OOOOOOOOOOOOOOOOO
012 OOOOOOOOXXXXXXXXO
013 OOOOOOOOOOOOOOOOO
014 OOOOOOOOOOOOOOOOO
Piece 2 2:
**
**
<got (O): [3, 0]
Plateau 15 17:
    01234567890123456
000 ......OOOOOOOOOOO
001 ....OOOOOOOOOOOOO
002 ...OOOOOOOOOOOOOO
003 oo.OOOOOOOOOOOOOO
004 ooOOOOOOOOOOOOOOO
005 .OOOOOOOOOOOOOOOO
006 OOOOOOOOOOOOOOOOO
007 OOOOOOOOOOOOOOOOO
008 OOOOOOOOOOOOOOOOO
009 OOOOOOOOOOOOOOOOO
010 OOOOOOOOOOOOOOOOO
011 OOOOOOOOOOOOOOOOO
012 OOOOOOOOXXXXXXXXO
013 OOOOOOOOOOOOOOOOO
014 OOOOOOOOOOOOOOOOO
Piece 1 3:
.**
<got (O): [3, 1]
Plateau 15 17:
    01234567890123456
000 ......OOOOOOOOOOO
001 ....OOOOOOOOOOOOO
002 ...OOOOOOOOOOOOOO
003 OOooOOOOOOOOOOOOO
004 OOOOOOOOOOOOOOOOO
005 .OOOOOOOOOOOOOOOO
006 OOOOOOOOOOOOOOOOO
007 OOOOOOOOOOOOOOOOO
008 OOOOOOOOOOOOOOOOO
009 OOOOOOOOOOOOOOOOO
010 OOOOOOOOOOOOOOOOO
011 OOOOOOOOOOOOOOOOO
012 OOOOOOOOXXXXXXXXO
013 OOOOOOOOOOOOOOOOO
014 OOOOOOOOOOOOOOOOO
Piece 1 3:
**.
<got (O): [5, 0]
Plateau 15 17:
    01234567890123456
000 ......OOOOOOOOOOO
001 ....OOOOOOOOOOOOO
002 ...OOOOOOOOOOOOOO
003 OOOOOOOOOOOOOOOOO
004 OOOOOOOOOOOOOOOOO
005 ooOOOOOOOOOOOOOOO
006 OOOOOOOOOOOOOOOOO
007 OOOOOOOOOOOOOOOOO
008 OOOOOOOOOOOOOOOOO
009 OOOOOOOOOOOOOOOOO
010 OOOOOOOOOOOOOOOOO
011 OOOOOOOOOOOOOOOOO
012 OOOOOOOOXXXXXXXXO
013 OOOOOOOOOOOOOOOOO
014 OOOOOOOOOOOOOOOOO
Piece 2 3:
*..
*..
<got (O): [0, 5]
Plateau 15 17:
    01234567890123456
000 .....oOOOOOOOOOOO
001 ....OoOOOOOOOOOOO
002 ...OOOOOOOOOOOOOO
003 OOOOOOOOOOOOOOOOO
004 OOOOOOOOOOOOOOOOO
005 OOOOOOOOOOOOOOOOO
006 OOOOOOOOOOOOOOOOO
007 OOOOOOOOOOOOOOOOO
008 OOOOOOOOOOOOOOOOO
009 OOOOOOOOOOOOOOOOO
010 OOOOOOOOOOOOOOOOO
011 OOOOOOOOOOOOOOOOO
012 OOOOOOOOXXXXXXXXO
013 OOOOOOOOOOOOOOOOO
014 OOOOOOOOOOOOOOOOO
Piece 2 2:
.*
**
<got (O): [1, 2]
Plateau 15 17:
    01234567890123456
000 .....OOOOOOOOOOOO
001 ...oOOOOOOOOOOOOO
002 ..ooOOOOOOOOOOOOO
003 OOOOOOOOOOOOOOOOO
004 OOOOOOOOOOOOOOOOO
005 OOOOOOOOOOOOOOOOO
006 OOOOOOOOOOOOOOOOO
007 OOOOOOOOOOOOOOOOO
008 OOOOOOOOOOOOOOOOO
009 OOOOOOOOOOOOOOOOO
010 OOOOOOOOOOOOOOOOO
011 OOOOOOOOOOOOOOOOO
012 OOOOOOOOXXXXXXXXO
013 OOOOOOOOOOOOOOOOO
014 OOOOOOOOOOOOOOOOO
Piece 2 3:
.**
...
<got (O): [0, 3]
Plateau 15 17:
    01234567890123456
000 ....ooOOOOOOOOOOO
001 ...OOOOOOOOOOOOOO
002 ..OOOOOOOOOOOOOOO
003 OOOOOOOOOOOOOOOOO
004 OOOOOOOOOOOOOOOOO
005 OOOOOOOOOOOOOOOOO
006 OOOOOOOOOOOOOOOOO
007 OOOOOOOOOOOOOOOOO
008 OOOOOOOOOOOOOOOOO
009 OOOOOOOOOOOOOOOOO
010 OOOOOOOOOOOOOOOOO
011 OOOOOOOOOOOOOOOOO
012 OOOOOOOOXXXXXXXXO
013 OOOOOOOOOOOOOOOOO
014 OOOOOOOOOOOOOOOOO
Piece 2 2:
**
**
<got (O): [1, 1]
Plateau 15 17:
    01234567890123456
000 ....OOOOOOOOOOOOO
001 .ooOOOOOOOOOOOOOO
002 .ooOOOOOOOOOOOOOO
003 OOOOOOOOOOOOOOOOO
004 OOOOOOOOOOOOOOOOO
005 OOOOOOOOOOOOOOOOO
006 OOOOOOOOOOOOOOOOO
007 OOOOOOOOOOOOOOOOO
008 OOOOOOOOOOOOOOOOO
009 OOOOOOOOOOOOOOOOO
010 OOOOOOOOOOOOOOOOO
011 OOOOOOOOOOOOOOOOO
012 OOOOOOOOXXXXXXXXO
013 OOOOOOOOOOOOOOOOO
014 OOOOOOOOOOOOOOOOO
Piece 2 3:
.**
.**
<got (O): [0, 0]
== O fin: 167
== X fin: 7
