# -------------- VM  version 1.1 ------------- #
#                                              #
# 42 / filler VM Developped by: Hcao - Abanlin #
#                                              #
# -------------------------------------------- #
launched ../mburl.filler
$$$ exec p1 : [../mburl.filler]
launched players/abanlin.filler
$$$ exec p2 : [players/abanlin.filler]
Plateau 15 17:
    01234567890123456
000 .................
001 .................
002 .................
003 .................
004 .................
005 .................
006 .................
007 .................
008 ..O..............
009 .................
010 .................
011 .................
012 ..............X..
013 .................
014 .................
Piece 2 2:
.*
**
<got (O): [8, 1]
Plateau 15 17:
    01234567890123456
000 .................
001 .................
002 .................
003 .................
004 .................
005 .................
006 .................
007 .................
008 ..o..............
009 .oo..............
010 .................
011 .................
012 ..............X..
013 .................
014 .................
Piece 2 3:
*..
***
<got (X): [11, 12]
Plateau 15 17:
    01234567890123456
000 .................
001 .................
002 .................
003 .................
004 .................
005 .................
006 .................
007 .................
008 ..O..............
009 .OO..............
010 .................
011 ............x....
012 ............xxx..
013 .................
014 .................
Piece 1 2:
**
<got (O): [9, 2]
Plateau 15 17:
    01234567890123456
000 .................
001 .................
002 .................
003 .................
004 .................
005 .................
006 .................
007 .................
008 ..O..............
009 .Ooo.............
010 .................
011 ............X....
012 ............XXX..
013 .................
014 .................
Piece 1 3:
**.
<got (X): [11, 11]
Plateau 15 17:
    01234567890123456
000 .................
001 .................
002 .................
003 .................
004 .................
005 .................
006 .................
007 .................
008 ..O..............
009 .OOO.............
010 .................
011 ...........xx....
012 ............XXX..
013 .................
014 .................
Piece 2 2:
**
..
<got (O): [9, 3]
Plateau 15 17:
    01234567890123456
000 .................
001 .................
002 .................
003 .................
004 .................
005 .................
006 .................
007 .................
008 ..O..............
009 .OOoo............
010 .................
011 ...........XX....
012 ............XXX..
013 .................
014 .................
Piece 2 2:
.*
**
<got (X): [10, 10]
Plateau 15 17:
    01234567890123456
000 .................
001 .................
002 .................
003 .................
004 .................
005 .................
006 .................
007 .................
008 ..O..............
009 .OOOO............
010 ...........x.....
011 ..........xxX....
012 ............XXX..
013 .................
014 .................
Piece 2 1:
*
*
<got (O): [9, 4]
Plateau 15 17:
    01234567890123456
000 .................
001 .................
002 .................
003 .................
004 .................
005 .................
006 .................
007 .................
008 ..O..............
009 .OOOo............
010 ....o......X.....
011 ..........XXX....
012 ............XXX..
013 .................
014 .................
Piece 1 2:
**
<got (X): [10, 10]
Plateau 15 17:
    01234567890123456
000 .................
001 .................
002 .................
003 .................
004 .................
005 .................
006 .................
007 .................
008 ..O..............
009 .OOOO............
010 ....O.....xx.....
011 ..........XXX....
012 ............XXX..
013 .................
014 .................
Piece 1 3:
.**
<got (O): [10, 3]
Plateau 15 17:
    01234567890123456
000 .................
001 .................
002 .................
003 .................
004 .................
005 .................
006 .................
007 .................
008 ..O..............
009 .OOOO............
010 ....oo....XX.....
011 ..........XXX....
012 ............XXX..
013 .................
014 .................
Piece 1 3:
***
<got (X): [10, 8]
Plateau 15 17:
    01234567890123456
000 .................
001 .................
002 .................
003 .................
004 .................
005 .................
006 .................
007 .................
008 ..O..............
009 .OOOO............
010 ....OO..xxxX.....
011 ..........XXX....
012 ............XXX..
013 .................
014 .................
Piece 1 2:
**
<got (O): [10, 5]
Plateau 15 17:
    01234567890123456
000 .................
001 .................
002 .................
003 .................
004 .................
005 .................
006 .................
007 .................
008 ..O..............
009 .OOOO............
010 ....Ooo.XXXX.....
011 ..........XXX....
012 ............XXX..
013 .................
014 .................
Piece 1 3:
.**
<got (X): [10, 6]
Plateau 15 17:
    01234567890123456
000 .................
001 .................
002 .................
003 .................
004 .................
005 .................
006 .................
007 .................
008 ..O..............
009 .OOOO............
010 ....OOOxxXXX.....
011 ..........XXX....
012 ............XXX..
013 .................
014 .................
Piece 2 2:
**
..
<got (O): [10, 3]
Plateau 15 17:
    01234567890123456
000 .................
001 .................
002 .................
003 .................
004 .................
005 .................
006 .................
007 .................
008 ..O..............
009 .OOOO............
010 ...ooOOXXXXX.....
011 ..........XXX....
012 ............XXX..
013 .................
014 .................
Piece 2 3:
**.
**.
<got (X): [9, 11]
Plateau 15 17:
    01234567890123456
000 .................
001 .................
002 .................
003 .................
004 .................
005 .................
006 .................
007 .................
008 ..O..............
009 .OOOO......xx....
010 ...OOOOXXXXxx....
011 ..........XXX....
012 ............XXX..
013 .................
014 .................
Piece 1 3:
***
<got (O): [10, 1]
Plateau 15 17:
    01234567890123456
000 .................
001 .................
002 .................
003 .................
004 .................
005 .................
006 .................
007 .................
008 ..O..............
009 .OOOO......XX....
010 .oooOOOXXXXXX....
011 ..........XXX....
012 ............XXX..
013 .................
014 .................
Piece 2 3:
**.
...
<got (X): [9, 10]
Plateau 15 17:
    01234567890123456
000 .................
001 .................
002 .................
003 .................
004 .................
005 .................
006 .................
007 .................
008 ..O..............
009 .OOOO.....xxX....
010 .OOOOOOXXXXXX....
011 ..........XXX....
012 ............XXX..
013 .................
014 .................
Piece 1 2:
**
<got (O): [9, 4]
Plateau 15 17:
    01234567890123456
000 .................
001 .................
002 .................
003 .................
004 .................
005 .................
006 .................
007 .................
008 ..O..............
009 .OOOoo....XXX....
010 .OOOOOOXXXXXX....
011 ..........XXX....
012 ............XXX..
013 .................
014 .................
Piece 2 2:
.*
**
<got (X): [8, 9]
Plateau 15 17:
    01234567890123456
000 .................
001 .................
002 .................
003 .................
004 .................
005 .................
006 .................
007 .................
008 ..O.......x......
009 .OOOOO...xxXX....
010 .OOOOOOXXXXXX....
011 ..........XXX....
012 ............XXX..
013 .................
014 .................
Piece 2 2:
**
.*
<got (O): [8, 4]
Plateau 15 17:
    01234567890123456
000 .................
001 .................
002 .................
003 .................
004 .................
005 .................
006 .................
007 .................
008 ..O.oo....X......
009 .OOOOo...XXXX....
010 .OOOOOOXXXXXX....
011 ..........XXX....
012 ............XXX..
013 .................
014 .................
Piece 2 1:
*
*
<got (X): [7, 10]
Plateau 15 17:
    01234567890123456
000 .................
001 .................
002 .................
003 .................
004 .................
005 .................
006 .................
007 ..........x......
008 ..O.OO....x......
009 .OOOOO...XXXX....
010 .OOOOOOXXXXXX....
011 ..........XXX....
012 ............XXX..
013 .................
014 .................
Piece 1 2:
**
<got (O): [9, 5]
Plateau 15 17:
    01234567890123456
000 .................
001 .................
002 .................
003 .................
004 .................
005 .................
006 .................
007 ..........X......
008 ..O.OO....X......
009 .OOOOoo..XXXX....
010 .OOOOOOXXXXXX....
011 ..........XXX....
012 ............XXX..
013 .................
014 .................
Piece 2 2:
**
..
<got (X): [7, 9]
Plateau 15 17:
    01234567890123456
000 .................
001 .................
002 .................
003 .................
004 .................
005 .................
006 .................
007 .........xx......
008 ..O.OO....X......
009 .OOOOOO..XXXX....
010 .OOOOOOXXXXXX....
011 ..........XXX....
012 ............XXX..
013 .................
014 .................
Piece 2 3:
...
**.
<got (O): [8, 6]
Plateau 15 17:
    01234567890123456
000 .................
001 .................
002 .................
003 .................
004 .................
005 .................
006 .................
007 .........XX......
008 ..O.OO....X......
009 .OOOOOoo.XXXX....
010 .OOOOOOXXXXXX....
011 ..........XXX....
012 ............XXX..
013 .................
014 .................
Piece 2 2:
**
..
<got (X): [7, 8]
Plateau 15 17:
    01234567890123456
000 .................
001 .................
002 .................
003 .................
004 .................
005 .................
006 .................
007 ........xxX......
008 ..O.OO....X......
009 .OOOOOOO.XXXX....
010 .OOOOOOXXXXXX....
011 ..........XXX....
012 ............XXX..
013 .................
014 .................
Piece 1 3:
.**
<got (O): [9, 6]
Plateau 15 17:
    01234567890123456
000 .................
001 .................
002 .................
003 .................
004 .................
005 .................
006 .................
007 ........XXX......
008 ..O.OO....X......
009 .OOOOOOooXXXX....
010 .OOOOOOXXXXXX....
011 ..........XXX....
012 ............XXX..
013 .................
014 .................
Piece 1 3:
***
<got (X): [7, 6]
Plateau 15 17:
    01234567890123456
000 .................
001 .................
002 .................
003 .................
004 .................
005 .................
006 .................
007 ......xxxXX......
008 ..O.OO....X......
009 .OOOOOOOOXXXX....
010 .OOOOOOXXXXXX....
011 ..........XXX....
012 ............XXX..
013 .................
014 .................
Piece 1 2:
**
<got (O): [8, 5]
Plateau 15 17:
    01234567890123456
000 .................
001 .................
002 .................
003 .................
004 .................
005 .................
006 .................
007 ......XXXXX......
008 ..O.Ooo...X......
009 .OOOOOOOOXXXX....
010 .OOOOOOXXXXXX....
011 ..........XXX....
012 ............XXX..
013 .................
014 .................
Piece 1 3:
.**
<got (X): [7, 4]
Plateau 15 17:
    01234567890123456
000 .................
001 .................
002 .................
003 .................
004 .................
005 .................
006 .................
007 .....xxXXXX......
008 ..O.OOO...X......
009 .OOOOOOOOXXXX....
010 .OOOOOOXXXXXX....
011 ..........XXX....
012 ............XXX..
013 .................
014 .................
Piece 1 3:
.**
<got (O): [8, 5]
Plateau 15 17:
    01234567890123456
000 .................
001 .................
002 .................
003 .................
004 .................
005 .................
006 .................
007 .....XXXXXX......
008 ..O.OOoo..X......
009 .OOOOOOOOXXXX....
010 .OOOOOOXXXXXX....
011 ..........XXX....
012 ............XXX..
013 .................
014 .................
Piece 1 2:
**
<got (X): [7, 4]
Plateau 15 17:
    01234567890123456
000 .................
001 .................
002 .................
003 .................
004 .................
005 .................
006 .................
007 ....xxXXXXX......
008 ..O.OOOO..X......
009 .OOOOOOOOXXXX....
010 .OOOOOOXXXXXX....
011 ..........XXX....
012 ............XXX..
013 .................
014 .................
Piece 2 3:
.*.
***
<got (O): [10, 5]
Plateau 15 17:
    01234567890123456
000 .................
001 .................
002 .................
003 .................
004 .................
005 .................
006 .................
007 ....XXXXXXX......
008 ..O.OOOO..X......
009 .OOOOOOOOXXXX....
010 .OOOOOoXXXXXX....
011 .....ooo..XXX....
012 ............XXX..
013 .................
014 .................
Piece 2 3:
.*.
***
<got (X): [6, 2]
Plateau 15 17:
    01234567890123456
000 .................
001 .................
002 .................
003 .................
004 .................
005 .................
006 ...x.............
007 ..xxxXXXXXX......
008 ..O.OOOO..X......
009 .OOOOOOOOXXXX....
010 .OOOOOOXXXXXX....
011 .....OOO..XXX....
012 ............XXX..
013 .................
014 .................
Piece 2 1:
*
*
<got (O): [11, 7]
Plateau 15 17:
    01234567890123456
000 .................
001 .................
002 .................
003 .................
004 .................
005 .................
006 ...X.............
007 ..XXXXXXXXX......
008 ..O.OOOO..X......
009 .OOOOOOOOXXXX....
010 .OOOOOOXXXXXX....
011 .....OOo..XXX....
012 .......o....XXX..
013 .................
014 .................
Piece 1 3:
**.
<got (X): [6, 2]
Plateau 15 17:
    01234567890123456
000 .................
001 .................
002 .................
003 .................
004 .................
005 .................
006 ..xx.............
007 ..XXXXXXXXX......
008 ..O.OOOO..X......
009 .OOOOOOOOXXXX....
010 .OOOOOOXXXXXX....
011 .....OOO..XXX....
012 .......O....XXX..
013 .................
014 .................
Piece 2 3:
.*.
***
<got (O): [7, 0]
Plateau 15 17:
    01234567890123456
000 .................
001 .................
002 .................
003 .................
004 .................
005 .................
006 ..XX.............
007 .oXXXXXXXXX......
008 ooo.OOOO..X......
009 .OOOOOOOOXXXX....
010 .OOOOOOXXXXXX....
011 .....OOO..XXX....
012 .......O....XXX..
013 .................
014 .................
Piece 1 3:
**.
<got (X): [6, 1]
Plateau 15 17:
    01234567890123456
000 .................
001 .................
002 .................
003 .................
004 .................
005 .................
006 .xxX.............
007 .OXXXXXXXXX......
008 OOO.OOOO..X......
009 .OOOOOOOOXXXX....
010 .OOOOOOXXXXXX....
011 .....OOO..XXX....
012 .......O....XXX..
013 .................
014 .................
Piece 2 3:
.**
..*
<got (O): [11, 6]
Plateau 15 17:
    01234567890123456
000 .................
001 .................
002 .................
003 .................
004 .................
005 .................
006 .XXX.............
007 .OXXXXXXXXX......
008 OOO.OOOO..X......
009 .OOOOOOOOXXXX....
010 .OOOOOOXXXXXX....
011 .....OOoo.XXX....
012 .......Oo...XXX..
013 .................
014 .................
Piece 2 2:
*.
*.
<got (X): [5, 1]
Plateau 15 17:
    01234567890123456
000 .................
001 .................
002 .................
003 .................
004 .................
005 .x...............
006 .xXX.............
007 .OXXXXXXXXX......
008 OOO.OOOO..X......
009 .OOOOOOOOXXXX....
010 .OOOOOOXXXXXX....
011 .....OOOO.XXX....
012 .......OO...XXX..
013 .................
014 .................
Piece 2 2:
.*
**
<got (O): [12, 7]
Plateau 15 17:
    01234567890123456
000 .................
001 .................
002 .................
003 .................
004 .................
005 .X...............
006 .XXX.............
007 .OXXXXXXXXX......
008 OOO.OOOO..X......
009 .OOOOOOOOXXXX....
010 .OOOOOOXXXXXX....
011 .....OOOO.XXX....
012 .......Oo...XXX..
013 .......oo........
014 .................
Piece 1 2:
**
<got (X): [5, 0]
Plateau 15 17:
    01234567890123456
000 .................
001 .................
002 .................
003 .................
004 .................
005 xx...............
006 .XXX.............
007 .OXXXXXXXXX......
008 OOO.OOOO..X......
009 .OOOOOOOOXXXX....
010 .OOOOOOXXXXXX....
011 .....OOOO.XXX....
012 .......OO...XXX..
013 .......OO........
014 .................
Piece 2 1:
*
*
<got (O): [8, 8]
Plateau 15 17:
    01234567890123456
000 .................
001 .................
002 .................
003 .................
004 .................
005 XX...............
006 .XXX.............
007 .OXXXXXXXXX......
008 OOO.OOOOo.X......
009 .OOOOOOOoXXXX....
010 .OOOOOOXXXXXX....
011 .....OOOO.XXX....
012 .......OO...XXX..
013 .......OO........
014 .................
Piece 2 1:
*
*
<got (X): [4, 0]
Plateau 15 17:
    01234567890123456
000 .................
001 .................
002 .................
003 .................
004 x................
005 xX...............
006 .XXX.............
007 .OXXXXXXXXX......
008 OOO.OOOOO.X......
009 .OOOOOOOOXXXX....
010 .OOOOOOXXXXXX....
011 .....OOOO.XXX....
012 .......OO...XXX..
013 .......OO........
014 .................
Piece 2 1:
*
*
<got (O): [11, 6]
Plateau 15 17:
    01234567890123456
000 .................
001 .................
002 .................
003 .................
004 X................
005 XX...............
006 .XXX.............
007 .OXXXXXXXXX......
008 OOO.OOOOO.X......
009 .OOOOOOOOXXXX....
010 .OOOOOOXXXXXX....
011 .....OoOO.XXX....
012 ......oOO...XXX..
013 .......OO........
014 .................
Piece 2 1:
*
*
<got (X): [3, 0]
Plateau 15 17:
    01234567890123456
000 .................
001 .................
002 .................
003 x................
004 x................
005 XX...............
006 .XXX.............
007 .OXXXXXXXXX......
008 OOO.OOOOO.X......
009 .OOOOOOOOXXXX....
010 .OOOOOOXXXXXX....
011 .....OOOO.XXX....
012 ......OOO...XXX..
013 .......OO........
014 .................
Piece 2 3:
..*
**.
<got (O): [12, 5]
Plateau 15 17:
    01234567890123456
000 .................
001 .................
002 .................
003 X................
004 X................
005 XX...............
006 .XXX.............
007 .OXXXXXXXXX......
008 OOO.OOOOO.X......
009 .OOOOOOOOXXXX....
010 .OOOOOOXXXXXX....
011 .....OOOO.XXX....
012 ......OoO...XXX..
013 .....ooOO........
014 .................
Piece 2 3:
*..
***
<got (X): [2, 0]
Plateau 15 17:
    01234567890123456
000 .................
001 .................
002 x................
003 xxx..............
004 X................
005 XX...............
006 .XXX.............
007 .OXXXXXXXXX......
008 OOO.OOOOO.X......
009 .OOOOOOOOXXXX....
010 .OOOOOOXXXXXX....
011 .....OOOO.XXX....
012 ......OOO...XXX..
013 .....OOOO........
014 .................
Piece 2 2:
**
..
<got (O): [11, 8]
Plateau 15 17:
    01234567890123456
000 .................
001 .................
002 X................
003 XXX..............
004 X................
005 XX...............
006 .XXX.............
007 .OXXXXXXXXX......
008 OOO.OOOOO.X......
009 .OOOOOOOOXXXX....
010 .OOOOOOXXXXXX....
011 .....OOOooXXX....
012 ......OOO...XXX..
013 .....OOOO........
014 .................
Piece 2 2:
**
..
<got (X): [2, 0]
Plateau 15 17:
    01234567890123456
000 .................
001 .................
002 xx...............
003 XXX..............
004 X................
005 XX...............
006 .XXX.............
007 .OXXXXXXXXX......
008 OOO.OOOOO.X......
009 .OOOOOOOOXXXX....
010 .OOOOOOXXXXXX....
011 .....OOOOOXXX....
012 ......OOO...XXX..
013 .....OOOO........
014 .................
Piece 2 2:
**
.*
<got (O): [12, 8]
Plateau 15 17:
    01234567890123456
000 .................
001 .................
002 XX...............
003 XXX..............
004 X................
005 XX...............
006 .XXX.............
007 .OXXXXXXXXX......
008 OOO.OOOOO.X......
009 .OOOOOOOOXXXX....
010 .OOOOOOXXXXXX....
011 .....OOOOOXXX....
012 ......OOoo..XXX..
013 .....OOOOo.......
014 .................
Piece 1 3:
.**
<got (X): [2, 0]
Plateau 15 17:
    01234567890123456
000 .................
001 .................
002 Xxx..............
003 XXX..............
004 X................
005 XX...............
006 .XXX.............
007 .OXXXXXXXXX......
008 OOO.OOOOO.X......
009 .OOOOOOOOXXXX....
010 .OOOOOOXXXXXX....
011 .....OOOOOXXX....
012 ......OOOO..XXX..
013 .....OOOOO.......
014 .................
Piece 2 2:
.*
**
<got (O): [13, 8]
Plateau 15 17:
    01234567890123456
000 .................
001 .................
002 XXX..............
003 XXX..............
004 X................
005 XX...............
006 .XXX.............
007 .OXXXXXXXXX......
008 OOO.OOOOO.X......
009 .OOOOOOOOXXXX....
010 .OOOOOOXXXXXX....
011 .....OOOOOXXX....
012 ......OOOO..XXX..
013 .....OOOOo.......
014 ........oo.......
Piece 2 2:
**
..
<got (X): [2, 2]
Plateau 15 17:
    01234567890123456
000 .................
001 .................
002 XXxx.............
003 XXX..............
004 X................
005 XX...............
006 .XXX.............
007 .OXXXXXXXXX......
008 OOO.OOOOO.X......
009 .OOOOOOOOXXXX....
010 .OOOOOOXXXXXX....
011 .....OOOOOXXX....
012 ......OOOO..XXX..
013 .....OOOOO.......
014 ........OO.......
Piece 2 1:
*
*
<got (O): [8, 3]
Plateau 15 17:
    01234567890123456
000 .................
001 .................
002 XXXX.............
003 XXX..............
004 X................
005 XX...............
006 .XXX.............
007 .OXXXXXXXXX......
008 OOOoOOOOO.X......
009 .OOoOOOOOXXXX....
010 .OOOOOOXXXXXX....
011 .....OOOOOXXX....
012 ......OOOO..XXX..
013 .....OOOOO.......
014 ........OO.......
Piece 2 3:
***
.**
<got (X): [1, 2]
Plateau 15 17:
    01234567890123456
000 .................
001 ..xxx............
002 XXXxx............
003 XXX..............
004 X................
005 XX...............
006 .XXX.............
007 .OXXXXXXXXX......
008 OOOOOOOOO.X......
009 .OOOOOOOOXXXX....
010 .OOOOOOXXXXXX....
011 .....OOOOOXXX....
012 ......OOOO..XXX..
013 .....OOOOO.......
014 ........OO.......
Piece 2 2:
**
.*
<got (O): [12, 9]
Plateau 15 17:
    01234567890123456
000 .................
001 ..XXX............
002 XXXXX............
003 XXX..............
004 X................
005 XX...............
006 .XXX.............
007 .OXXXXXXXXX......
008 OOOOOOOOO.X......
009 .OOOOOOOOXXXX....
010 .OOOOOOXXXXXX....
011 .....OOOOOXXX....
012 ......OOOoo.XXX..
013 .....OOOOOo......
014 ........OO.......
Piece 1 3:
***
<got (X): [1, 0]
Plateau 15 17:
    01234567890123456
000 .................
001 xxxXX............
002 XXXXX............
003 XXX..............
004 X................
005 XX...............
006 .XXX.............
007 .OXXXXXXXXX......
008 OOOOOOOOO.X......
009 .OOOOOOOOXXXX....
010 .OOOOOOXXXXXX....
011 .....OOOOOXXX....
012 ......OOOOO.XXX..
013 .....OOOOOO......
014 ........OO.......
Piece 2 2:
.*
**
<got (O): [12, 10]
Plateau 15 17:
    01234567890123456
000 .................
001 XXXXX............
002 XXXXX............
003 XXX..............
004 X................
005 XX...............
006 .XXX.............
007 .OXXXXXXXXX......
008 OOOOOOOOO.X......
009 .OOOOOOOOXXXX....
010 .OOOOOOXXXXXX....
011 .....OOOOOXXX....
012 ......OOOOOoXXX..
013 .....OOOOOoo.....
014 ........OO.......
Piece 1 2:
**
<got (X): [1, 4]
Plateau 15 17:
    01234567890123456
000 .................
001 XXXXxx...........
002 XXXXX............
003 XXX..............
004 X................
005 XX...............
006 .XXX.............
007 .OXXXXXXXXX......
008 OOOOOOOOO.X......
009 .OOOOOOOOXXXX....
010 .OOOOOOXXXXXX....
011 .....OOOOOXXX....
012 ......OOOOOOXXX..
013 .....OOOOOOO.....
014 ........OO.......
Piece 2 3:
***
...
<got (O): [13, 11]
Plateau 15 17:
    01234567890123456
000 .................
001 XXXXXX...........
002 XXXXX............
003 XXX..............
004 X................
005 XX...............
006 .XXX.............
007 .OXXXXXXXXX......
008 OOOOOOOOO.X......
009 .OOOOOOOOXXXX....
010 .OOOOOOXXXXXX....
011 .....OOOOOXXX....
012 ......OOOOOOXXX..
013 .....OOOOOOooo...
014 ........OO.......
Piece 2 2:
**
..
<got (X): [1, 5]
Plateau 15 17:
    01234567890123456
000 .................
001 XXXXXxx..........
002 XXXXX............
003 XXX..............
004 X................
005 XX...............
006 .XXX.............
007 .OXXXXXXXXX......
008 OOOOOOOOO.X......
009 .OOOOOOOOXXXX....
010 .OOOOOOXXXXXX....
011 .....OOOOOXXX....
012 ......OOOOOOXXX..
013 .....OOOOOOOOO...
014 ........OO.......
Piece 2 2:
**
..
<got (O): [13, 13]
Plateau 15 17:
    01234567890123456
000 .................
001 XXXXXXX..........
002 XXXXX............
003 XXX..............
004 X................
005 XX...............
006 .XXX.............
007 .OXXXXXXXXX......
008 OOOOOOOOO.X......
009 .OOOOOOOOXXXX....
010 .OOOOOOXXXXXX....
011 .....OOOOOXXX....
012 ......OOOOOOXXX..
013 .....OOOOOOOOoo..
014 ........OO.......
Piece 2 2:
**
..
<got (X): [1, 6]
Plateau 15 17:
    01234567890123456
000 .................
001 XXXXXXxx.........
002 XXXXX............
003 XXX..............
004 X................
005 XX...............
006 .XXX.............
007 .OXXXXXXXXX......
008 OOOOOOOOO.X......
009 .OOOOOOOOXXXX....
010 .OOOOOOXXXXXX....
011 .....OOOOOXXX....
012 ......OOOOOOXXX..
013 .....OOOOOOOOOO..
014 ........OO.......
Piece 2 2:
**
**
<got (O): [13, 14]
Plateau 15 17:
    01234567890123456
000 .................
001 XXXXXXXX.........
002 XXXXX............
003 XXX..............
004 X................
005 XX...............
006 .XXX.............
007 .OXXXXXXXXX......
008 OOOOOOOOO.X......
009 .OOOOOOOOXXXX....
010 .OOOOOOXXXXXX....
011 .....OOOOOXXX....
012 ......OOOOOOXXX..
013 .....OOOOOOOOOoo.
014 ........OO....oo.
Piece 1 3:
***
<got (X): [1, 7]
Plateau 15 17:
    01234567890123456
000 .................
001 XXXXXXXxxx.......
002 XXXXX............
003 XXX..............
004 X................
005 XX...............
006 .XXX.............
007 .OXXXXXXXXX......
008 OOOOOOOOO.X......
009 .OOOOOOOOXXXX....
010 .OOOOOOXXXXXX....
011 .....OOOOOXXX....
012 ......OOOOOOXXX..
013 .....OOOOOOOOOOO.
014 ........OO....OO.
Piece 1 2:
**
<got (O): [8, 8]
Plateau 15 17:
    01234567890123456
000 .................
001 XXXXXXXXXX.......
002 XXXXX............
003 XXX..............
004 X................
005 XX...............
006 .XXX.............
007 .OXXXXXXXXX......
008 OOOOOOOOooX......
009 .OOOOOOOOXXXX....
010 .OOOOOOXXXXXX....
011 .....OOOOOXXX....
012 ......OOOOOOXXX..
013 .....OOOOOOOOOOO.
014 ........OO....OO.
Piece 1 2:
**
<got (X): [1, 9]
Plateau 15 17:
    01234567890123456
000 .................
001 XXXXXXXXXxx......
002 XXXXX............
003 XXX..............
004 X................
005 XX...............
006 .XXX.............
007 .OXXXXXXXXX......
008 OOOOOOOOOOX......
009 .OOOOOOOOXXXX....
010 .OOOOOOXXXXXX....
011 .....OOOOOXXX....
012 ......OOOOOOXXX..
013 .....OOOOOOOOOOO.
014 ........OO....OO.
Piece 2 2:
*.
*.
<got (O): [13, 13]
Plateau 15 17:
    01234567890123456
000 .................
001 XXXXXXXXXXX......
002 XXXXX............
003 XXX..............
004 X................
005 XX...............
006 .XXX.............
007 .OXXXXXXXXX......
008 OOOOOOOOOOX......
009 .OOOOOOOOXXXX....
010 .OOOOOOXXXXXX....
011 .....OOOOOXXX....
012 ......OOOOOOXXX..
013 .....OOOOOOOOoOO.
014 ........OO...oOO.
Piece 2 3:
.**
...
<got (X): [1, 9]
Plateau 15 17:
    01234567890123456
000 .................
001 XXXXXXXXXXxx.....
002 XXXXX............
003 XXX..............
004 X................
005 XX...............
006 .XXX.............
007 .OXXXXXXXXX......
008 OOOOOOOOOOX......
009 .OOOOOOOOXXXX....
010 .OOOOOOXXXXXX....
011 .....OOOOOXXX....
012 ......OOOOOOXXX..
013 .....OOOOOOOOOOO.
014 ........OO...OOO.
Piece 2 3:
..*
***
<got (O): [13, 10]
Plateau 15 17:
    01234567890123456
000 .................
001 XXXXXXXXXXXX.....
002 XXXXX............
003 XXX..............
004 X................
005 XX...............
006 .XXX.............
007 .OXXXXXXXXX......
008 OOOOOOOOOOX......
009 .OOOOOOOOXXXX....
010 .OOOOOOXXXXXX....
011 .....OOOOOXXX....
012 ......OOOOOOXXX..
013 .....OOOOOOOoOOO.
014 ........OOoooOOO.
Piece 2 1:
*
*
<got (X): [0, 0]
Plateau 15 17:
    01234567890123456
000 x................
001 xXXXXXXXXXXX.....
002 XXXXX............
003 XXX..............
004 X................
005 XX...............
006 .XXX.............
007 .OXXXXXXXXX......
008 OOOOOOOOOOX......
009 .OOOOOOOOXXXX....
010 .OOOOOOXXXXXX....
011 .....OOOOOXXX....
012 ......OOOOOOXXX..
013 .....OOOOOOOOOOO.
014 ........OOOOOOOO.
Piece 2 3:
..*
.**
<got (O): [12, 14]
Plateau 15 17:
    01234567890123456
000 X................
001 XXXXXXXXXXXX.....
002 XXXXX............
003 XXX..............
004 X................
005 XX...............
006 .XXX.............
007 .OXXXXXXXXX......
008 OOOOOOOOOOX......
009 .OOOOOOOOXXXX....
010 .OOOOOOXXXXXX....
011 .....OOOOOXXX....
012 ......OOOOOOXXX.o
013 .....OOOOOOOOOOoo
014 ........OOOOOOOO.
Piece 2 3:
..*
***
<got (X): [0, 11]
Plateau 15 17:
    01234567890123456
000 X............x...
001 XXXXXXXXXXXxxx...
002 XXXXX............
003 XXX..............
004 X................
005 XX...............
006 .XXX.............
007 .OXXXXXXXXX......
008 OOOOOOOOOOX......
009 .OOOOOOOOXXXX....
010 .OOOOOOXXXXXX....
011 .....OOOOOXXX....
012 ......OOOOOOXXX.O
013 .....OOOOOOOOOOOO
014 ........OOOOOOOO.
Piece 1 2:
**
<got (O): [7, 0]
Plateau 15 17:
    01234567890123456
000 X............X...
001 XXXXXXXXXXXXXX...
002 XXXXX............
003 XXX..............
004 X................
005 XX...............
006 .XXX.............
007 ooXXXXXXXXX......
008 OOOOOOOOOOX......
009 .OOOOOOOOXXXX....
010 .OOOOOOXXXXXX....
011 .....OOOOOXXX....
012 ......OOOOOOXXX.O
013 .....OOOOOOOOOOOO
014 ........OOOOOOOO.
Piece 2 2:
*.
*.
<got (X): [0, 1]
Plateau 15 17:
    01234567890123456
000 Xx...........X...
001 XxXXXXXXXXXXXX...
002 XXXXX............
003 XXX..............
004 X................
005 XX...............
006 .XXX.............
007 OOXXXXXXXXX......
008 OOOOOOOOOOX......
009 .OOOOOOOOXXXX....
010 .OOOOOOXXXXXX....
011 .....OOOOOXXX....
012 ......OOOOOOXXX.O
013 .....OOOOOOOOOOOO
014 ........OOOOOOOO.
Piece 2 2:
..
**
<got (O): [11, 15]
Plateau 15 17:
    01234567890123456
000 XX...........X...
001 XXXXXXXXXXXXXX...
002 XXXXX............
003 XXX..............
004 X................
005 XX...............
006 .XXX.............
007 OOXXXXXXXXX......
008 OOOOOOOOOOX......
009 .OOOOOOOOXXXX....
010 .OOOOOOXXXXXX....
011 .....OOOOOXXX....
012 ......OOOOOOXXXoo
013 .....OOOOOOOOOOOO
014 ........OOOOOOOO.
Piece 2 1:
*
*
<got (X): [0, 2]
Plateau 15 17:
    01234567890123456
000 XXx..........X...
001 XXxXXXXXXXXXXX...
002 XXXXX............
003 XXX..............
004 X................
005 XX...............
006 .XXX.............
007 OOXXXXXXXXX......
008 OOOOOOOOOOX......
009 .OOOOOOOOXXXX....
010 .OOOOOOXXXXXX....
011 .....OOOOOXXX....
012 ......OOOOOOXXXOO
013 .....OOOOOOOOOOOO
014 ........OOOOOOOO.
Piece 2 2:
**
.*
<got (O): [11, 14]
Plateau 15 17:
    01234567890123456
000 XXX..........X...
001 XXXXXXXXXXXXXX...
002 XXXXX............
003 XXX..............
004 X................
005 XX...............
006 .XXX.............
007 OOXXXXXXXXX......
008 OOOOOOOOOOX......
009 .OOOOOOOOXXXX....
010 .OOOOOOXXXXXX....
011 .....OOOOOXXX.oo.
012 ......OOOOOOXXXoO
013 .....OOOOOOOOOOOO
014 ........OOOOOOOO.
Piece 1 2:
**
<got (X): [0, 2]
Plateau 15 17:
    01234567890123456
000 XXxx.........X...
001 XXXXXXXXXXXXXX...
002 XXXXX............
003 XXX..............
004 X................
005 XX...............
006 .XXX.............
007 OOXXXXXXXXX......
008 OOOOOOOOOOX......
009 .OOOOOOOOXXXX....
010 .OOOOOOXXXXXX....
011 .....OOOOOXXX.OO.
012 ......OOOOOOXXXOO
013 .....OOOOOOOOOOOO
014 ........OOOOOOOO.
Piece 1 2:
**
<got (O): [11, 13]
Plateau 15 17:
    01234567890123456
000 XXXX.........X...
001 XXXXXXXXXXXXXX...
002 XXXXX............
003 XXX..............
004 X................
005 XX...............
006 .XXX.............
007 OOXXXXXXXXX......
008 OOOOOOOOOOX......
009 .OOOOOOOOXXXX....
010 .OOOOOOXXXXXX....
011 .....OOOOOXXXooO.
012 ......OOOOOOXXXOO
013 .....OOOOOOOOOOOO
014 ........OOOOOOOO.
Piece 2 3:
.**
...
<got (X): [0, 2]
Plateau 15 17:
    01234567890123456
000 XXXxx........X...
001 XXXXXXXXXXXXXX...
002 XXXXX............
003 XXX..............
004 X................
005 XX...............
006 .XXX.............
007 OOXXXXXXXXX......
008 OOOOOOOOOOX......
009 .OOOOOOOOXXXX....
010 .OOOOOOXXXXXX....
011 .....OOOOOXXXOOO.
012 ......OOOOOOXXXOO
013 .....OOOOOOOOOOOO
014 ........OOOOOOOO.
Piece 1 2:
**
<got (O): [11, 15]
Plateau 15 17:
    01234567890123456
000 XXXXX........X...
001 XXXXXXXXXXXXXX...
002 XXXXX............
003 XXX..............
004 X................
005 XX...............
006 .XXX.............
007 OOXXXXXXXXX......
008 OOOOOOOOOOX......
009 .OOOOOOOOXXXX....
010 .OOOOOOXXXXXX....
011 .....OOOOOXXXOOoo
012 ......OOOOOOXXXOO
013 .....OOOOOOOOOOOO
014 ........OOOOOOOO.
Piece 2 2:
**
..
<got (X): [0, 4]
Plateau 15 17:
    01234567890123456
000 XXXXxx.......X...
001 XXXXXXXXXXXXXX...
002 XXXXX............
003 XXX..............
004 X................
005 XX...............
006 .XXX.............
007 OOXXXXXXXXX......
008 OOOOOOOOOOX......
009 .OOOOOOOOXXXX....
010 .OOOOOOXXXXXX....
011 .....OOOOOXXXOOOO
012 ......OOOOOOXXXOO
013 .....OOOOOOOOOOOO
014 ........OOOOOOOO.
Piece 2 1:
*
*
<got (O): [10, 14]
Plateau 15 17:
    01234567890123456
000 XXXXXX.......X...
001 XXXXXXXXXXXXXX...
002 XXXXX............
003 XXX..............
004 X................
005 XX...............
006 .XXX.............
007 OOXXXXXXXXX......
008 OOOOOOOOOOX......
009 .OOOOOOOOXXXX....
010 .OOOOOOXXXXXX.o..
011 .....OOOOOXXXOoOO
012 ......OOOOOOXXXOO
013 .....OOOOOOOOOOOO
014 ........OOOOOOOO.
Piece 1 3:
.**
<got (X): [0, 4]
Plateau 15 17:
    01234567890123456
000 XXXXXxx......X...
001 XXXXXXXXXXXXXX...
002 XXXXX............
003 XXX..............
004 X................
005 XX...............
006 .XXX.............
007 OOXXXXXXXXX......
008 OOOOOOOOOOX......
009 .OOOOOOOOXXXX....
010 .OOOOOOXXXXXX.O..
011 .....OOOOOXXXOOOO
012 ......OOOOOOXXXOO
013 .....OOOOOOOOOOOO
014 ........OOOOOOOO.
Piece 2 1:
*
*
<got (O): [10, 13]
Plateau 15 17:
    01234567890123456
000 XXXXXXX......X...
001 XXXXXXXXXXXXXX...
002 XXXXX............
003 XXX..............
004 X................
005 XX...............
006 .XXX.............
007 OOXXXXXXXXX......
008 OOOOOOOOOOX......
009 .OOOOOOOOXXXX....
010 .OOOOOOXXXXXXoO..
011 .....OOOOOXXXoOOO
012 ......OOOOOOXXXOO
013 .....OOOOOOOOOOOO
014 ........OOOOOOOO.
Piece 1 2:
**
<got (X): [0, 6]
Plateau 15 17:
    01234567890123456
000 XXXXXXxx.....X...
001 XXXXXXXXXXXXXX...
002 XXXXX............
003 XXX..............
004 X................
005 XX...............
006 .XXX.............
007 OOXXXXXXXXX......
008 OOOOOOOOOOX......
009 .OOOOOOOOXXXX....
010 .OOOOOOXXXXXXOO..
011 .....OOOOOXXXOOOO
012 ......OOOOOOXXXOO
013 .....OOOOOOOOOOOO
014 ........OOOOOOOO.
Piece 2 3:
***
..*
<got (O): [11, 3]
Plateau 15 17:
    01234567890123456
000 XXXXXXXX.....X...
001 XXXXXXXXXXXXXX...
002 XXXXX............
003 XXX..............
004 X................
005 XX...............
006 .XXX.............
007 OOXXXXXXXXX......
008 OOOOOOOOOOX......
009 .OOOOOOOOXXXX....
010 .OOOOOOXXXXXXOO..
011 ...oooOOOOXXXOOOO
012 .....oOOOOOOXXXOO
013 .....OOOOOOOOOOOO
014 ........OOOOOOOO.
Piece 2 3:
***
...
<got (X): [0, 7]
Plateau 15 17:
    01234567890123456
000 XXXXXXXxxx...X...
001 XXXXXXXXXXXXXX...
002 XXXXX............
003 XXX..............
004 X................
005 XX...............
006 .XXX.............
007 OOXXXXXXXXX......
008 OOOOOOOOOOX......
009 .OOOOOOOOXXXX....
010 .OOOOOOXXXXXXOO..
011 ...OOOOOOOXXXOOOO
012 .....OOOOOOOXXXOO
013 .....OOOOOOOOOOOO
014 ........OOOOOOOO.
Piece 2 3:
...
**.
<got (O): [9, 14]
Plateau 15 17:
    01234567890123456
000 XXXXXXXXXX...X...
001 XXXXXXXXXXXXXX...
002 XXXXX............
003 XXX..............
004 X................
005 XX...............
006 .XXX.............
007 OOXXXXXXXXX......
008 OOOOOOOOOOX......
009 .OOOOOOOOXXXX....
010 .OOOOOOXXXXXXOoo.
011 ...OOOOOOOXXXOOOO
012 .....OOOOOOOXXXOO
013 .....OOOOOOOOOOOO
014 ........OOOOOOOO.
Piece 2 3:
.**
...
<got (X): [0, 8]
Plateau 15 17:
    01234567890123456
000 XXXXXXXXXxx..X...
001 XXXXXXXXXXXXXX...
002 XXXXX............
003 XXX..............
004 X................
005 XX...............
006 .XXX.............
007 OOXXXXXXXXX......
008 OOOOOOOOOOX......
009 .OOOOOOOOXXXX....
010 .OOOOOOXXXXXXOOO.
011 ...OOOOOOOXXXOOOO
012 .....OOOOOOOXXXOO
013 .....OOOOOOOOOOOO
014 ........OOOOOOOO.
Piece 2 2:
.*
.*
<got (O): [9, 12]
Plateau 15 17:
    01234567890123456
000 XXXXXXXXXXX..X...
001 XXXXXXXXXXXXXX...
002 XXXXX............
003 XXX..............
004 X................
005 XX...............
006 .XXX.............
007 OOXXXXXXXXX......
008 OOOOOOOOOOX......
009 .OOOOOOOOXXXXo...
010 .OOOOOOXXXXXXoOO.
011 ...OOOOOOOXXXOOOO
012 .....OOOOOOOXXXOO
013 .....OOOOOOOOOOOO
014 ........OOOOOOOO.
Piece 1 3:
***
<got (X): [0, 10]
Plateau 15 17:
    01234567890123456
000 XXXXXXXXXXxxxX...
001 XXXXXXXXXXXXXX...
002 XXXXX............
003 XXX..............
004 X................
005 XX...............
006 .XXX.............
007 OOXXXXXXXXX......
008 OOOOOOOOOOX......
009 .OOOOOOOOXXXXO...
010 .OOOOOOXXXXXXOOO.
011 ...OOOOOOOXXXOOOO
012 .....OOOOOOOXXXOO
013 .....OOOOOOOOOOOO
014 ........OOOOOOOO.
Piece 2 2:
**
..
<got (O): [9, 13]
Plateau 15 17:
    01234567890123456
000 XXXXXXXXXXXXXX...
001 XXXXXXXXXXXXXX...
002 XXXXX............
003 XXX..............
004 X................
005 XX...............
006 .XXX.............
007 OOXXXXXXXXX......
008 OOOOOOOOOOX......
009 .OOOOOOOOXXXXoo..
010 .OOOOOOXXXXXXOOO.
011 ...OOOOOOOXXXOOOO
012 .....OOOOOOOXXXOO
013 .....OOOOOOOOOOOO
014 ........OOOOOOOO.
Piece 2 1:
*
*
<got (X): [1, 5]
Plateau 15 17:
    01234567890123456
000 XXXXXXXXXXXXXX...
001 XXXXXxXXXXXXXX...
002 XXXXXx...........
003 XXX..............
004 X................
005 XX...............
006 .XXX.............
007 OOXXXXXXXXX......
008 OOOOOOOOOOX......
009 .OOOOOOOOXXXXOO..
010 .OOOOOOXXXXXXOOO.
011 ...OOOOOOOXXXOOOO
012 .....OOOOOOOXXXOO
013 .....OOOOOOOOOOOO
014 ........OOOOOOOO.
Piece 1 3:
.**
<got (O): [9, 13]
Plateau 15 17:
    01234567890123456
000 XXXXXXXXXXXXXX...
001 XXXXXXXXXXXXXX...
002 XXXXXX...........
003 XXX..............
004 X................
005 XX...............
006 .XXX.............
007 OOXXXXXXXXX......
008 OOOOOOOOOOX......
009 .OOOOOOOOXXXXOoo.
010 .OOOOOOXXXXXXOOO.
011 ...OOOOOOOXXXOOOO
012 .....OOOOOOOXXXOO
013 .....OOOOOOOOOOOO
014 ........OOOOOOOO.
Piece 2 2:
*.
**
<got (X): [1, 6]
Plateau 15 17:
    01234567890123456
000 XXXXXXXXXXXXXX...
001 XXXXXXxXXXXXXX...
002 XXXXXXxx.........
003 XXX..............
004 X................
005 XX...............
006 .XXX.............
007 OOXXXXXXXXX......
008 OOOOOOOOOOX......
009 .OOOOOOOOXXXXOOO.
010 .OOOOOOXXXXXXOOO.
011 ...OOOOOOOXXXOOOO
012 .....OOOOOOOXXXOO
013 .....OOOOOOOOOOOO
014 ........OOOOOOOO.
Piece 1 3:
.**
<got (O): [14, 14]
Plateau 15 17:
    01234567890123456
000 XXXXXXXXXXXXXX...
001 XXXXXXXXXXXXXX...
002 XXXXXXXX.........
003 XXX..............
004 X................
005 XX...............
006 .XXX.............
007 OOXXXXXXXXX......
008 OOOOOOOOOOX......
009 .OOOOOOOOXXXXOOO.
010 .OOOOOOXXXXXXOOO.
011 ...OOOOOOOXXXOOOO
012 .....OOOOOOOXXXOO
013 .....OOOOOOOOOOOO
014 ........OOOOOOOoo
Piece 2 3:
*..
*..
<got (X): [1, 8]
Plateau 15 17:
    01234567890123456
000 XXXXXXXXXXXXXX...
001 XXXXXXXXxXXXXX...
002 XXXXXXXXx........
003 XXX..............
004 X................
005 XX...............
006 .XXX.............
007 OOXXXXXXXXX......
008 OOOOOOOOOOX......
009 .OOOOOOOOXXXXOOO.
010 .OOOOOOXXXXXXOOO.
011 ...OOOOOOOXXXOOOO
012 .....OOOOOOOXXXOO
013 .....OOOOOOOOOOOO
014 ........OOOOOOOOO
Piece 2 2:
**
..
<got (O): [10, 15]
Plateau 15 17:
    01234567890123456
000 XXXXXXXXXXXXXX...
001 XXXXXXXXXXXXXX...
002 XXXXXXXXX........
003 XXX..............
004 X................
005 XX...............
006 .XXX.............
007 OOXXXXXXXXX......
008 OOOOOOOOOOX......
009 .OOOOOOOOXXXXOOO.
010 .OOOOOOXXXXXXOOoo
011 ...OOOOOOOXXXOOOO
012 .....OOOOOOOXXXOO
013 .....OOOOOOOOOOOO
014 ........OOOOOOOOO
Piece 1 3:
**.
<got (X): [0, 13]
Plateau 15 17:
    01234567890123456
000 XXXXXXXXXXXXXxx..
001 XXXXXXXXXXXXXX...
002 XXXXXXXXX........
003 XXX..............
004 X................
005 XX...............
006 .XXX.............
007 OOXXXXXXXXX......
008 OOOOOOOOOOX......
009 .OOOOOOOOXXXXOOO.
010 .OOOOOOXXXXXXOOOO
011 ...OOOOOOOXXXOOOO
012 .....OOOOOOOXXXOO
013 .....OOOOOOOOOOOO
014 ........OOOOOOOOO
Piece 2 2:
*.
*.
<got (O): [8, 13]
Plateau 15 17:
    01234567890123456
000 XXXXXXXXXXXXXXX..
001 XXXXXXXXXXXXXX...
002 XXXXXXXXX........
003 XXX..............
004 X................
005 XX...............
006 .XXX.............
007 OOXXXXXXXXX......
008 OOOOOOOOOOX..o...
009 .OOOOOOOOXXXXoOO.
010 .OOOOOOXXXXXXOOOO
011 ...OOOOOOOXXXOOOO
012 .....OOOOOOOXXXOO
013 .....OOOOOOOOOOOO
014 ........OOOOOOOOO
Piece 2 1:
*
*
<got (X): [0, 14]
Plateau 15 17:
    01234567890123456
000 XXXXXXXXXXXXXXx..
001 XXXXXXXXXXXXXXx..
002 XXXXXXXXX........
003 XXX..............
004 X................
005 XX...............
006 .XXX.............
007 OOXXXXXXXXX......
008 OOOOOOOOOOX..O...
009 .OOOOOOOOXXXXOOO.
010 .OOOOOOXXXXXXOOOO
011 ...OOOOOOOXXXOOOO
012 .....OOOOOOOXXXOO
013 .....OOOOOOOOOOOO
014 ........OOOOOOOOO
Piece 2 1:
*
*
<got (O): [8, 14]
Plateau 15 17:
    01234567890123456
000 XXXXXXXXXXXXXXX..
001 XXXXXXXXXXXXXXX..
002 XXXXXXXXX........
003 XXX..............
004 X................
005 XX...............
006 .XXX.............
007 OOXXXXXXXXX......
008 OOOOOOOOOOX..Oo..
009 .OOOOOOOOXXXXOoO.
010 .OOOOOOXXXXXXOOOO
011 ...OOOOOOOXXXOOOO
012 .....OOOOOOOXXXOO
013 .....OOOOOOOOOOOO
014 ........OOOOOOOOO
Piece 2 3:
.**
..*
<got (X): [0, 13]
Plateau 15 17:
    01234567890123456
000 XXXXXXXXXXXXXXxx.
001 XXXXXXXXXXXXXXXx.
002 XXXXXXXXX........
003 XXX..............
004 X................
005 XX...............
006 .XXX.............
007 OOXXXXXXXXX......
008 OOOOOOOOOOX..OO..
009 .OOOOOOOOXXXXOOO.
010 .OOOOOOXXXXXXOOOO
011 ...OOOOOOOXXXOOOO
012 .....OOOOOOOXXXOO
013 .....OOOOOOOOOOOO
014 ........OOOOOOOOO
Piece 2 3:
.*.
**.
<got (O): [7, 12]
Plateau 15 17:
    01234567890123456
000 XXXXXXXXXXXXXXXX.
001 XXXXXXXXXXXXXXXX.
002 XXXXXXXXX........
003 XXX..............
004 X................
005 XX...............
006 .XXX.............
007 OOXXXXXXXXX..o...
008 OOOOOOOOOOX.ooO..
009 .OOOOOOOOXXXXOOO.
010 .OOOOOOXXXXXXOOOO
011 ...OOOOOOOXXXOOOO
012 .....OOOOOOOXXXOO
013 .....OOOOOOOOOOOO
014 ........OOOOOOOOO
Piece 2 2:
**
..
<got (X): [2, 8]
Plateau 15 17:
    01234567890123456
000 XXXXXXXXXXXXXXXX.
001 XXXXXXXXXXXXXXXX.
002 XXXXXXXXxx.......
003 XXX..............
004 X................
005 XX...............
006 .XXX.............
007 OOXXXXXXXXX..O...
008 OOOOOOOOOOX.OOO..
009 .OOOOOOOOXXXXOOO.
010 .OOOOOOXXXXXXOOOO
011 ...OOOOOOOXXXOOOO
012 .....OOOOOOOXXXOO
013 .....OOOOOOOOOOOO
014 ........OOOOOOOOO
Piece 1 2:
**
<got (O): [8, 11]
Plateau 15 17:
    01234567890123456
000 XXXXXXXXXXXXXXXX.
001 XXXXXXXXXXXXXXXX.
002 XXXXXXXXXX.......
003 XXX..............
004 X................
005 XX...............
006 .XXX.............
007 OOXXXXXXXXX..O...
008 OOOOOOOOOOXooOO..
009 .OOOOOOOOXXXXOOO.
010 .OOOOOOXXXXXXOOOO
011 ...OOOOOOOXXXOOOO
012 .....OOOOOOOXXXOO
013 .....OOOOOOOOOOOO
014 ........OOOOOOOOO
Piece 2 3:
**.
.*.
<got (X): [2, 9]
Plateau 15 17:
    01234567890123456
000 XXXXXXXXXXXXXXXX.
001 XXXXXXXXXXXXXXXX.
002 XXXXXXXXXxx......
003 XXX.......x......
004 X................
005 XX...............
006 .XXX.............
007 OOXXXXXXXXX..O...
008 OOOOOOOOOOXOOOO..
009 .OOOOOOOOXXXXOOO.
010 .OOOOOOXXXXXXOOOO
011 ...OOOOOOOXXXOOOO
012 .....OOOOOOOXXXOO
013 .....OOOOOOOOOOOO
014 ........OOOOOOOOO
Piece 1 3:
**.
<got (O): [9, 0]
Plateau 15 17:
    01234567890123456
000 XXXXXXXXXXXXXXXX.
001 XXXXXXXXXXXXXXXX.
002 XXXXXXXXXXX......
003 XXX.......X......
004 X................
005 XX...............
006 .XXX.............
007 OOXXXXXXXXX..O...
008 OOOOOOOOOOXOOOO..
009 ooOOOOOOOXXXXOOO.
010 .OOOOOOXXXXXXOOOO
011 ...OOOOOOOXXXOOOO
012 .....OOOOOOOXXXOO
013 .....OOOOOOOOOOOO
014 ........OOOOOOOOO
Piece 1 2:
**
<got (X): [2, 10]
Plateau 15 17:
    01234567890123456
000 XXXXXXXXXXXXXXXX.
001 XXXXXXXXXXXXXXXX.
002 XXXXXXXXXXxx.....
003 XXX.......X......
004 X................
005 XX...............
006 .XXX.............
007 OOXXXXXXXXX..O...
008 OOOOOOOOOOXOOOO..
009 OOOOOOOOOXXXXOOO.
010 .OOOOOOXXXXXXOOOO
011 ...OOOOOOOXXXOOOO
012 .....OOOOOOOXXXOO
013 .....OOOOOOOOOOOO
014 ........OOOOOOOOO
Piece 1 3:
**.
<got (O): [8, 14]
Plateau 15 17:
    01234567890123456
000 XXXXXXXXXXXXXXXX.
001 XXXXXXXXXXXXXXXX.
002 XXXXXXXXXXXX.....
003 XXX.......X......
004 X................
005 XX...............
006 .XXX.............
007 OOXXXXXXXXX..O...
008 OOOOOOOOOOXOOOoo.
009 OOOOOOOOOXXXXOOO.
010 .OOOOOOXXXXXXOOOO
011 ...OOOOOOOXXXOOOO
012 .....OOOOOOOXXXOO
013 .....OOOOOOOOOOOO
014 ........OOOOOOOOO
Piece 2 1:
*
*
<got (X): [1, 12]
Plateau 15 17:
    01234567890123456
000 XXXXXXXXXXXXXXXX.
001 XXXXXXXXXXXXxXXX.
002 XXXXXXXXXXXXx....
003 XXX.......X......
004 X................
005 XX...............
006 .XXX.............
007 OOXXXXXXXXX..O...
008 OOOOOOOOOOXOOOOO.
009 OOOOOOOOOXXXXOOO.
010 .OOOOOOXXXXXXOOOO
011 ...OOOOOOOXXXOOOO
012 .....OOOOOOOXXXOO
013 .....OOOOOOOOOOOO
014 ........OOOOOOOOO
Piece 2 3:
*..
*..
<got (O): [7, 12]
Plateau 15 17:
    01234567890123456
000 XXXXXXXXXXXXXXXX.
001 XXXXXXXXXXXXXXXX.
002 XXXXXXXXXXXXX....
003 XXX.......X......
004 X................
005 XX...............
006 .XXX.............
007 OOXXXXXXXXX.oO...
008 OOOOOOOOOOXOoOOO.
009 OOOOOOOOOXXXXOOO.
010 .OOOOOOXXXXXXOOOO
011 ...OOOOOOOXXXOOOO
012 .....OOOOOOOXXXOO
013 .....OOOOOOOOOOOO
014 ........OOOOOOOOO
Piece 1 3:
***
<got (X): [2, 12]
Plateau 15 17:
    01234567890123456
000 XXXXXXXXXXXXXXXX.
001 XXXXXXXXXXXXXXXX.
002 XXXXXXXXXXXXxxx..
003 XXX.......X......
004 X................
005 XX...............
006 .XXX.............
007 OOXXXXXXXXX.OO...
008 OOOOOOOOOOXOOOOO.
009 OOOOOOOOOXXXXOOO.
010 .OOOOOOXXXXXXOOOO
011 ...OOOOOOOXXXOOOO
012 .....OOOOOOOXXXOO
013 .....OOOOOOOOOOOO
014 ........OOOOOOOOO
Piece 1 3:
***
<got (O): [7, 13]
Plateau 15 17:
    01234567890123456
000 XXXXXXXXXXXXXXXX.
001 XXXXXXXXXXXXXXXX.
002 XXXXXXXXXXXXXXX..
003 XXX.......X......
004 X................
005 XX...............
006 .XXX.............
007 OOXXXXXXXXX.Oooo.
008 OOOOOOOOOOXOOOOO.
009 OOOOOOOOOXXXXOOO.
010 .OOOOOOXXXXXXOOOO
011 ...OOOOOOOXXXOOOO
012 .....OOOOOOOXXXOO
013 .....OOOOOOOOOOOO
014 ........OOOOOOOOO
Piece 2 1:
*
*
<got (X): [1, 15]
Plateau 15 17:
    01234567890123456
000 XXXXXXXXXXXXXXXX.
001 XXXXXXXXXXXXXXXx.
002 XXXXXXXXXXXXXXXx.
003 XXX.......X......
004 X................
005 XX...............
006 .XXX.............
007 OOXXXXXXXXX.OOOO.
008 OOOOOOOOOOXOOOOO.
009 OOOOOOOOOXXXXOOO.
010 .OOOOOOXXXXXXOOOO
011 ...OOOOOOOXXXOOOO
012 .....OOOOOOOXXXOO
013 .....OOOOOOOOOOOO
014 ........OOOOOOOOO
Piece 2 1:
*
*
<got (O): [7, 11]
Plateau 15 17:
    01234567890123456
000 XXXXXXXXXXXXXXXX.
001 XXXXXXXXXXXXXXXX.
002 XXXXXXXXXXXXXXXX.
003 XXX.......X......
004 X................
005 XX...............
006 .XXX.............
007 OOXXXXXXXXXoOOOO.
008 OOOOOOOOOOXoOOOO.
009 OOOOOOOOOXXXXOOO.
010 .OOOOOOXXXXXXOOOO
011 ...OOOOOOOXXXOOOO
012 .....OOOOOOOXXXOO
013 .....OOOOOOOOOOOO
014 ........OOOOOOOOO
Piece 2 1:
*
*
<got (X): [2, 3]
Plateau 15 17:
    01234567890123456
000 XXXXXXXXXXXXXXXX.
001 XXXXXXXXXXXXXXXX.
002 XXXxXXXXXXXXXXXX.
003 XXXx......X......
004 X................
005 XX...............
006 .XXX.............
007 OOXXXXXXXXXOOOOO.
008 OOOOOOOOOOXOOOOO.
009 OOOOOOOOOXXXXOOO.
010 .OOOOOOXXXXXXOOOO
011 ...OOOOOOOXXXOOOO
012 .....OOOOOOOXXXOO
013 .....OOOOOOOOOOOO
014 ........OOOOOOOOO
Piece 1 3:
.**
<got (O): [9, 14]
Plateau 15 17:
    01234567890123456
000 XXXXXXXXXXXXXXXX.
001 XXXXXXXXXXXXXXXX.
002 XXXXXXXXXXXXXXXX.
003 XXXX......X......
004 X................
005 XX...............
006 .XXX.............
007 OOXXXXXXXXXOOOOO.
008 OOOOOOOOOOXOOOOO.
009 OOOOOOOOOXXXXOOoo
010 .OOOOOOXXXXXXOOOO
011 ...OOOOOOOXXXOOOO
012 .....OOOOOOOXXXOO
013 .....OOOOOOOOOOOO
014 ........OOOOOOOOO
Piece 1 2:
**
<got (X): [3, 3]
Plateau 15 17:
    01234567890123456
000 XXXXXXXXXXXXXXXX.
001 XXXXXXXXXXXXXXXX.
002 XXXXXXXXXXXXXXXX.
003 XXXxx.....X......
004 X................
005 XX...............
006 .XXX.............
007 OOXXXXXXXXXOOOOO.
008 OOOOOOOOOOXOOOOO.
009 OOOOOOOOOXXXXOOOO
010 .OOOOOOXXXXXXOOOO
011 ...OOOOOOOXXXOOOO
012 .....OOOOOOOXXXOO
013 .....OOOOOOOOOOOO
014 ........OOOOOOOOO
Piece 1 2:
**
<got (O): [14, 7]
Plateau 15 17:
    01234567890123456
000 XXXXXXXXXXXXXXXX.
001 XXXXXXXXXXXXXXXX.
002 XXXXXXXXXXXXXXXX.
003 XXXXX.....X......
004 X................
005 XX...............
006 .XXX.............
007 OOXXXXXXXXXOOOOO.
008 OOOOOOOOOOXOOOOO.
009 OOOOOOOOOXXXXOOOO
010 .OOOOOOXXXXXXOOOO
011 ...OOOOOOOXXXOOOO
012 .....OOOOOOOXXXOO
013 .....OOOOOOOOOOOO
014 .......ooOOOOOOOO
Piece 2 3:
*..
*..
<got (X): [2, 5]
Plateau 15 17:
    01234567890123456
000 XXXXXXXXXXXXXXXX.
001 XXXXXXXXXXXXXXXX.
002 XXXXXxXXXXXXXXXX.
003 XXXXXx....X......
004 X................
005 XX...............
006 .XXX.............
007 OOXXXXXXXXXOOOOO.
008 OOOOOOOOOOXOOOOO.
009 OOOOOOOOOXXXXOOOO
010 .OOOOOOXXXXXXOOOO
011 ...OOOOOOOXXXOOOO
012 .....OOOOOOOXXXOO
013 .....OOOOOOOOOOOO
014 .......OOOOOOOOOO
Piece 1 2:
**
<got (O): [14, 6]
Plateau 15 17:
    01234567890123456
000 XXXXXXXXXXXXXXXX.
001 XXXXXXXXXXXXXXXX.
002 XXXXXXXXXXXXXXXX.
003 XXXXXX....X......
004 X................
005 XX...............
006 .XXX.............
007 OOXXXXXXXXXOOOOO.
008 OOOOOOOOOOXOOOOO.
009 OOOOOOOOOXXXXOOOO
010 .OOOOOOXXXXXXOOOO
011 ...OOOOOOOXXXOOOO
012 .....OOOOOOOXXXOO
013 .....OOOOOOOOOOOO
014 ......ooOOOOOOOOO
Piece 2 2:
**
**
<got (X): [3, 5]
Plateau 15 17:
    01234567890123456
000 XXXXXXXXXXXXXXXX.
001 XXXXXXXXXXXXXXXX.
002 XXXXXXXXXXXXXXXX.
003 XXXXXxx...X......
004 X....xx..........
005 XX...............
006 .XXX.............
007 OOXXXXXXXXXOOOOO.
008 OOOOOOOOOOXOOOOO.
009 OOOOOOOOOXXXXOOOO
010 .OOOOOOXXXXXXOOOO
011 ...OOOOOOOXXXOOOO
012 .....OOOOOOOXXXOO
013 .....OOOOOOOOOOOO
014 ......OOOOOOOOOOO
Piece 2 1:
*
*
<got (O): [6, 11]
Plateau 15 17:
    01234567890123456
000 XXXXXXXXXXXXXXXX.
001 XXXXXXXXXXXXXXXX.
002 XXXXXXXXXXXXXXXX.
003 XXXXXXX...X......
004 X....XX..........
005 XX...............
006 .XXX.......o.....
007 OOXXXXXXXXXoOOOO.
008 OOOOOOOOOOXOOOOO.
009 OOOOOOOOOXXXXOOOO
010 .OOOOOOXXXXXXOOOO
011 ...OOOOOOOXXXOOOO
012 .....OOOOOOOXXXOO
013 .....OOOOOOOOOOOO
014 ......OOOOOOOOOOO
Piece 1 3:
***
<got (X): [3, 6]
Plateau 15 17:
    01234567890123456
000 XXXXXXXXXXXXXXXX.
001 XXXXXXXXXXXXXXXX.
002 XXXXXXXXXXXXXXXX.
003 XXXXXXxxx.X......
004 X....XX..........
005 XX...............
006 .XXX.......O.....
007 OOXXXXXXXXXOOOOO.
008 OOOOOOOOOOXOOOOO.
009 OOOOOOOOOXXXXOOOO
010 .OOOOOOXXXXXXOOOO
011 ...OOOOOOOXXXOOOO
012 .....OOOOOOOXXXOO
013 .....OOOOOOOOOOOO
014 ......OOOOOOOOOOO
Piece 1 2:
**
<got (O): [6, 11]
Plateau 15 17:
    01234567890123456
000 XXXXXXXXXXXXXXXX.
001 XXXXXXXXXXXXXXXX.
002 XXXXXXXXXXXXXXXX.
003 XXXXXXXXX.X......
004 X....XX..........
005 XX...............
006 .XXX.......oo....
007 OOXXXXXXXXXOOOOO.
008 OOOOOOOOOOXOOOOO.
009 OOOOOOOOOXXXXOOOO
010 .OOOOOOXXXXXXOOOO
011 ...OOOOOOOXXXOOOO
012 .....OOOOOOOXXXOO
013 .....OOOOOOOOOOOO
014 ......OOOOOOOOOOO
Piece 2 2:
*.
*.
<got (X): [2, 9]
Plateau 15 17:
    01234567890123456
000 XXXXXXXXXXXXXXXX.
001 XXXXXXXXXXXXXXXX.
002 XXXXXXXXXxXXXXXX.
003 XXXXXXXXXxX......
004 X....XX..........
005 XX...............
006 .XXX.......OO....
007 OOXXXXXXXXXOOOOO.
008 OOOOOOOOOOXOOOOO.
009 OOOOOOOOOXXXXOOOO
010 .OOOOOOXXXXXXOOOO
011 ...OOOOOOOXXXOOOO
012 .....OOOOOOOXXXOO
013 .....OOOOOOOOOOOO
014 ......OOOOOOOOOOO
Piece 2 3:
..*
.**
<got (O): [5, 9]
Plateau 15 17:
    01234567890123456
000 XXXXXXXXXXXXXXXX.
001 XXXXXXXXXXXXXXXX.
002 XXXXXXXXXXXXXXXX.
003 XXXXXXXXXXX......
004 X....XX..........
005 XX.........o.....
006 .XXX......ooO....
007 OOXXXXXXXXXOOOOO.
008 OOOOOOOOOOXOOOOO.
009 OOOOOOOOOXXXXOOOO
010 .OOOOOOXXXXXXOOOO
011 ...OOOOOOOXXXOOOO
012 .....OOOOOOOXXXOO
013 .....OOOOOOOOOOOO
014 ......OOOOOOOOOOO
Piece 1 3:
***
<got (X): [3, 10]
Plateau 15 17:
    01234567890123456
000 XXXXXXXXXXXXXXXX.
001 XXXXXXXXXXXXXXXX.
002 XXXXXXXXXXXXXXXX.
003 XXXXXXXXXXxxx....
004 X....XX..........
005 XX.........O.....
006 .XXX......OOO....
007 OOXXXXXXXXXOOOOO.
008 OOOOOOOOOOXOOOOO.
009 OOOOOOOOOXXXXOOOO
010 .OOOOOOXXXXXXOOOO
011 ...OOOOOOOXXXOOOO
012 .....OOOOOOOXXXOO
013 .....OOOOOOOOOOOO
014 ......OOOOOOOOOOO
Piece 2 3:
***
.**
<got (O): [5, 8]
Plateau 15 17:
    01234567890123456
000 XXXXXXXXXXXXXXXX.
001 XXXXXXXXXXXXXXXX.
002 XXXXXXXXXXXXXXXX.
003 XXXXXXXXXXXXX....
004 X....XX..........
005 XX......oooO.....
006 .XXX.....ooOO....
007 OOXXXXXXXXXOOOOO.
008 OOOOOOOOOOXOOOOO.
009 OOOOOOOOOXXXXOOOO
010 .OOOOOOXXXXXXOOOO
011 ...OOOOOOOXXXOOOO
012 .....OOOOOOOXXXOO
013 .....OOOOOOOOOOOO
014 ......OOOOOOOOOOO
Piece 2 2:
.*
**
<got (X): [2, 13]
Plateau 15 17:
    01234567890123456
000 XXXXXXXXXXXXXXXX.
001 XXXXXXXXXXXXXXXX.
002 XXXXXXXXXXXXXXxX.
003 XXXXXXXXXXXXXxx..
004 X....XX..........
005 XX......OOOO.....
006 .XXX.....OOOO....
007 OOXXXXXXXXXOOOOO.
008 OOOOOOOOOOXOOOOO.
009 OOOOOOOOOXXXXOOOO
010 .OOOOOOXXXXXXOOOO
011 ...OOOOOOOXXXOOOO
012 .....OOOOOOOXXXOO
013 .....OOOOOOOOOOOO
014 ......OOOOOOOOOOO
Piece 2 2:
**
**
<got (O): [4, 11]
Plateau 15 17:
    01234567890123456
000 XXXXXXXXXXXXXXXX.
001 XXXXXXXXXXXXXXXX.
002 XXXXXXXXXXXXXXXX.
003 XXXXXXXXXXXXXXX..
004 X....XX....oo....
005 XX......OOOoo....
006 .XXX.....OOOO....
007 OOXXXXXXXXXOOOOO.
008 OOOOOOOOOOXOOOOO.
009 OOOOOOOOOXXXXOOOO
010 .OOOOOOXXXXXXOOOO
011 ...OOOOOOOXXXOOOO
012 .....OOOOOOOXXXOO
013 .....OOOOOOOOOOOO
014 ......OOOOOOOOOOO
Piece 1 2:
**
<got (X): [3, 14]
Plateau 15 17:
    01234567890123456
000 XXXXXXXXXXXXXXXX.
001 XXXXXXXXXXXXXXXX.
002 XXXXXXXXXXXXXXXX.
003 XXXXXXXXXXXXXXxx.
004 X....XX....OO....
005 XX......OOOOO....
006 .XXX.....OOOO....
007 OOXXXXXXXXXOOOOO.
008 OOOOOOOOOOXOOOOO.
009 OOOOOOOOOXXXXOOOO
010 .OOOOOOXXXXXXOOOO
011 ...OOOOOOOXXXOOOO
012 .....OOOOOOOXXXOO
013 .....OOOOOOOOOOOO
014 ......OOOOOOOOOOO
Piece 2 3:
*..
*..
<got (O): [6, 0]
Plateau 15 17:
    01234567890123456
000 XXXXXXXXXXXXXXXX.
001 XXXXXXXXXXXXXXXX.
002 XXXXXXXXXXXXXXXX.
003 XXXXXXXXXXXXXXXX.
004 X....XX....OO....
005 XX......OOOOO....
006 oXXX.....OOOO....
007 oOXXXXXXXXXOOOOO.
008 OOOOOOOOOOXOOOOO.
009 OOOOOOOOOXXXXOOOO
010 .OOOOOOXXXXXXOOOO
011 ...OOOOOOOXXXOOOO
012 .....OOOOOOOXXXOO
013 .....OOOOOOOOOOOO
014 ......OOOOOOOOOOO
Piece 1 3:
***
<got (X): [4, 0]
Plateau 15 17:
    01234567890123456
000 XXXXXXXXXXXXXXXX.
001 XXXXXXXXXXXXXXXX.
002 XXXXXXXXXXXXXXXX.
003 XXXXXXXXXXXXXXXX.
004 xxx..XX....OO....
005 XX......OOOOO....
006 OXXX.....OOOO....
007 OOXXXXXXXXXOOOOO.
008 OOOOOOOOOOXOOOOO.
009 OOOOOOOOOXXXXOOOO
010 .OOOOOOXXXXXXOOOO
011 ...OOOOOOOXXXOOOO
012 .....OOOOOOOXXXOO
013 .....OOOOOOOOOOOO
014 ......OOOOOOOOOOO
Piece 1 2:
**
<got (O): [6, 8]
Plateau 15 17:
    01234567890123456
000 XXXXXXXXXXXXXXXX.
001 XXXXXXXXXXXXXXXX.
002 XXXXXXXXXXXXXXXX.
003 XXXXXXXXXXXXXXXX.
004 XXX..XX....OO....
005 XX......OOOOO....
006 OXXX....ooOOO....
007 OOXXXXXXXXXOOOOO.
008 OOOOOOOOOOXOOOOO.
009 OOOOOOOOOXXXXOOOO
010 .OOOOOOXXXXXXOOOO
011 ...OOOOOOOXXXOOOO
012 .....OOOOOOOXXXOO
013 .....OOOOOOOOOOOO
014 ......OOOOOOOOOOO
Piece 2 1:
*
*
<got (X): [3, 3]
Plateau 15 17:
    01234567890123456
000 XXXXXXXXXXXXXXXX.
001 XXXXXXXXXXXXXXXX.
002 XXXXXXXXXXXXXXXX.
003 XXXxXXXXXXXXXXXX.
004 XXXx.XX....OO....
005 XX......OOOOO....
006 OXXX....OOOOO....
007 OOXXXXXXXXXOOOOO.
008 OOOOOOOOOOXOOOOO.
009 OOOOOOOOOXXXXOOOO
010 .OOOOOOXXXXXXOOOO
011 ...OOOOOOOXXXOOOO
012 .....OOOOOOOXXXOO
013 .....OOOOOOOOOOOO
014 ......OOOOOOOOOOO
Piece 2 2:
**
**
<got (O): [4, 7]
Plateau 15 17:
    01234567890123456
000 XXXXXXXXXXXXXXXX.
001 XXXXXXXXXXXXXXXX.
002 XXXXXXXXXXXXXXXX.
003 XXXXXXXXXXXXXXXX.
004 XXXX.XXoo..OO....
005 XX.....ooOOOO....
006 OXXX....OOOOO....
007 OOXXXXXXXXXOOOOO.
008 OOOOOOOOOOXOOOOO.
009 OOOOOOOOOXXXXOOOO
010 .OOOOOOXXXXXXOOOO
011 ...OOOOOOOXXXOOOO
012 .....OOOOOOOXXXOO
013 .....OOOOOOOOOOOO
014 ......OOOOOOOOOOO
Piece 1 3:
***
<got (X): [5, 1]
Plateau 15 17:
    01234567890123456
000 XXXXXXXXXXXXXXXX.
001 XXXXXXXXXXXXXXXX.
002 XXXXXXXXXXXXXXXX.
003 XXXXXXXXXXXXXXXX.
004 XXXX.XXOO..OO....
005 Xxxx...OOOOOO....
006 OXXX....OOOOO....
007 OOXXXXXXXXXOOOOO.
008 OOOOOOOOOOXOOOOO.
009 OOOOOOOOOXXXXOOOO
010 .OOOOOOXXXXXXOOOO
011 ...OOOOOOOXXXOOOO
012 .....OOOOOOOXXXOO
013 .....OOOOOOOOOOOO
014 ......OOOOOOOOOOO
Piece 2 1:
*
*
<got (O): [4, 10]
Plateau 15 17:
    01234567890123456
000 XXXXXXXXXXXXXXXX.
001 XXXXXXXXXXXXXXXX.
002 XXXXXXXXXXXXXXXX.
003 XXXXXXXXXXXXXXXX.
004 XXXX.XXOO.oOO....
005 XXXX...OOOoOO....
006 OXXX....OOOOO....
007 OOXXXXXXXXXOOOOO.
008 OOOOOOOOOOXOOOOO.
009 OOOOOOOOOXXXXOOOO
010 .OOOOOOXXXXXXOOOO
011 ...OOOOOOOXXXOOOO
012 .....OOOOOOOXXXOO
013 .....OOOOOOOOOOOO
014 ......OOOOOOOOOOO
Piece 2 1:
*
*
<got (X): [3, 4]
Plateau 15 17:
    01234567890123456
000 XXXXXXXXXXXXXXXX.
001 XXXXXXXXXXXXXXXX.
002 XXXXXXXXXXXXXXXX.
003 XXXXxXXXXXXXXXXX.
004 XXXXxXXOO.OOO....
005 XXXX...OOOOOO....
006 OXXX....OOOOO....
007 OOXXXXXXXXXOOOOO.
008 OOOOOOOOOOXOOOOO.
009 OOOOOOOOOXXXXOOOO
010 .OOOOOOXXXXXXOOOO
011 ...OOOOOOOXXXOOOO
012 .....OOOOOOOXXXOO
013 .....OOOOOOOOOOOO
014 ......OOOOOOOOOOO
Piece 2 3:
..*
.**
<got (O): [4, 11]
Plateau 15 17:
    01234567890123456
000 XXXXXXXXXXXXXXXX.
001 XXXXXXXXXXXXXXXX.
002 XXXXXXXXXXXXXXXX.
003 XXXXXXXXXXXXXXXX.
004 XXXXXXXOO.OOOo...
005 XXXX...OOOOOoo...
006 OXXX....OOOOO....
007 OOXXXXXXXXXOOOOO.
008 OOOOOOOOOOXOOOOO.
009 OOOOOOOOOXXXXOOOO
010 .OOOOOOXXXXXXOOOO
011 ...OOOOOOOXXXOOOO
012 .....OOOOOOOXXXOO
013 .....OOOOOOOOOOOO
014 ......OOOOOOOOOOO
Piece 2 2:
**
..
<got (X): [5, 3]
Plateau 15 17:
    01234567890123456
000 XXXXXXXXXXXXXXXX.
001 XXXXXXXXXXXXXXXX.
002 XXXXXXXXXXXXXXXX.
003 XXXXXXXXXXXXXXXX.
004 XXXXXXXOO.OOOO...
005 XXXxx..OOOOOOO...
006 OXXX....OOOOO....
007 OOXXXXXXXXXOOOOO.
008 OOOOOOOOOOXOOOOO.
009 OOOOOOOOOXXXXOOOO
010 .OOOOOOXXXXXXOOOO
011 ...OOOOOOOXXXOOOO
012 .....OOOOOOOXXXOO
013 .....OOOOOOOOOOOO
014 ......OOOOOOOOOOO
Piece 1 2:
**
<got (O): [6, 7]
Plateau 15 17:
    01234567890123456
000 XXXXXXXXXXXXXXXX.
001 XXXXXXXXXXXXXXXX.
002 XXXXXXXXXXXXXXXX.
003 XXXXXXXXXXXXXXXX.
004 XXXXXXXOO.OOOO...
005 XXXXX..OOOOOOO...
006 OXXX...ooOOOO....
007 OOXXXXXXXXXOOOOO.
008 OOOOOOOOOOXOOOOO.
009 OOOOOOOOOXXXXOOOO
010 .OOOOOOXXXXXXOOOO
011 ...OOOOOOOXXXOOOO
012 .....OOOOOOOXXXOO
013 .....OOOOOOOOOOOO
014 ......OOOOOOOOOOO
Piece 2 1:
*
*
<got (X): [3, 9]
Plateau 15 17:
    01234567890123456
000 XXXXXXXXXXXXXXXX.
001 XXXXXXXXXXXXXXXX.
002 XXXXXXXXXXXXXXXX.
003 XXXXXXXXXxXXXXXX.
004 XXXXXXXOOxOOOO...
005 XXXXX..OOOOOOO...
006 OXXX...OOOOOO....
007 OOXXXXXXXXXOOOOO.
008 OOOOOOOOOOXOOOOO.
009 OOOOOOOOOXXXXOOOO
010 .OOOOOOXXXXXXOOOO
011 ...OOOOOOOXXXOOOO
012 .....OOOOOOOXXXOO
013 .....OOOOOOOOOOOO
014 ......OOOOOOOOOOO
Piece 2 2:
*.
*.
<got (O): [5, 13]
Plateau 15 17:
    01234567890123456
000 XXXXXXXXXXXXXXXX.
001 XXXXXXXXXXXXXXXX.
002 XXXXXXXXXXXXXXXX.
003 XXXXXXXXXXXXXXXX.
004 XXXXXXXOOXOOOO...
005 XXXXX..OOOOOOo...
006 OXXX...OOOOOOo...
007 OOXXXXXXXXXOOOOO.
008 OOOOOOOOOOXOOOOO.
009 OOOOOOOOOXXXXOOOO
010 .OOOOOOXXXXXXOOOO
011 ...OOOOOOOXXXOOOO
012 .....OOOOOOOXXXOO
013 .....OOOOOOOOOOOO
014 ......OOOOOOOOOOO
Piece 1 3:
**.
<got (X): [5, 4]
Plateau 15 17:
    01234567890123456
000 XXXXXXXXXXXXXXXX.
001 XXXXXXXXXXXXXXXX.
002 XXXXXXXXXXXXXXXX.
003 XXXXXXXXXXXXXXXX.
004 XXXXXXXOOXOOOO...
005 XXXXxx.OOOOOOO...
006 OXXX...OOOOOOO...
007 OOXXXXXXXXXOOOOO.
008 OOOOOOOOOOXOOOOO.
009 OOOOOOOOOXXXXOOOO
010 .OOOOOOXXXXXXOOOO
011 ...OOOOOOOXXXOOOO
012 .....OOOOOOOXXXOO
013 .....OOOOOOOOOOOO
014 ......OOOOOOOOOOO
Piece 2 1:
*
*
<got (O): [10, 2]
Plateau 15 17:
    01234567890123456
000 XXXXXXXXXXXXXXXX.
001 XXXXXXXXXXXXXXXX.
002 XXXXXXXXXXXXXXXX.
003 XXXXXXXXXXXXXXXX.
004 XXXXXXXOOXOOOO...
005 XXXXXX.OOOOOOO...
006 OXXX...OOOOOOO...
007 OOXXXXXXXXXOOOOO.
008 OOOOOOOOOOXOOOOO.
009 OOOOOOOOOXXXXOOOO
010 .OoOOOOXXXXXXOOOO
011 ..oOOOOOOOXXXOOOO
012 .....OOOOOOOXXXOO
013 .....OOOOOOOOOOOO
014 ......OOOOOOOOOOO
Piece 2 1:
*
*
<got (X): [3, 14]
Plateau 15 17:
    01234567890123456
000 XXXXXXXXXXXXXXXX.
001 XXXXXXXXXXXXXXXX.
002 XXXXXXXXXXXXXXXX.
003 XXXXXXXXXXXXXXxX.
004 XXXXXXXOOXOOOOx..
005 XXXXXX.OOOOOOO...
006 OXXX...OOOOOOO...
007 OOXXXXXXXXXOOOOO.
008 OOOOOOOOOOXOOOOO.
009 OOOOOOOOOXXXXOOOO
010 .OOOOOOXXXXXXOOOO
011 ..OOOOOOOOXXXOOOO
012 .....OOOOOOOXXXOO
013 .....OOOOOOOOOOOO
014 ......OOOOOOOOOOO
Piece 1 3:
.**
<got (O): [6, 5]
Plateau 15 17:
    01234567890123456
000 XXXXXXXXXXXXXXXX.
001 XXXXXXXXXXXXXXXX.
002 XXXXXXXXXXXXXXXX.
003 XXXXXXXXXXXXXXXX.
004 XXXXXXXOOXOOOOX..
005 XXXXXX.OOOOOOO...
006 OXXX..ooOOOOOO...
007 OOXXXXXXXXXOOOOO.
008 OOOOOOOOOOXOOOOO.
009 OOOOOOOOOXXXXOOOO
010 .OOOOOOXXXXXXOOOO
011 ..OOOOOOOOXXXOOOO
012 .....OOOOOOOXXXOO
013 .....OOOOOOOOOOOO
014 ......OOOOOOOOOOO
Piece 1 2:
**
<got (X): [4, 14]
Plateau 15 17:
    01234567890123456
000 XXXXXXXXXXXXXXXX.
001 XXXXXXXXXXXXXXXX.
002 XXXXXXXXXXXXXXXX.
003 XXXXXXXXXXXXXXXX.
004 XXXXXXXOOXOOOOxx.
005 XXXXXX.OOOOOOO...
006 OXXX..OOOOOOOO...
007 OOXXXXXXXXXOOOOO.
008 OOOOOOOOOOXOOOOO.
009 OOOOOOOOOXXXXOOOO
010 .OOOOOOXXXXXXOOOO
011 ..OOOOOOOOXXXOOOO
012 .....OOOOOOOXXXOO
013 .....OOOOOOOOOOOO
014 ......OOOOOOOOOOO
Piece 2 2:
.*
**
<got (O): [5, 5]
Plateau 15 17:
    01234567890123456
000 XXXXXXXXXXXXXXXX.
001 XXXXXXXXXXXXXXXX.
002 XXXXXXXXXXXXXXXX.
003 XXXXXXXXXXXXXXXX.
004 XXXXXXXOOXOOOOXX.
005 XXXXXXoOOOOOOO...
006 OXXX.ooOOOOOOO...
007 OOXXXXXXXXXOOOOO.
008 OOOOOOOOOOXOOOOO.
009 OOOOOOOOOXXXXOOOO
010 .OOOOOOXXXXXXOOOO
011 ..OOOOOOOOXXXOOOO
012 .....OOOOOOOXXXOO
013 .....OOOOOOOOOOOO
014 ......OOOOOOOOOOO
Piece 1 2:
**
<got (X): [6, 3]
Plateau 15 17:
    01234567890123456
000 XXXXXXXXXXXXXXXX.
001 XXXXXXXXXXXXXXXX.
002 XXXXXXXXXXXXXXXX.
003 XXXXXXXXXXXXXXXX.
004 XXXXXXXOOXOOOOXX.
005 XXXXXXOOOOOOOO...
006 OXXxxOOOOOOOOO...
007 OOXXXXXXXXXOOOOO.
008 OOOOOOOOOOXOOOOO.
009 OOOOOOOOOXXXXOOOO
010 .OOOOOOXXXXXXOOOO
011 ..OOOOOOOOXXXOOOO
012 .....OOOOOOOXXXOO
013 .....OOOOOOOOOOOO
014 ......OOOOOOOOOOO
Piece 1 2:
**
<got (O): [5, 13]
Plateau 15 17:
    01234567890123456
000 XXXXXXXXXXXXXXXX.
001 XXXXXXXXXXXXXXXX.
002 XXXXXXXXXXXXXXXX.
003 XXXXXXXXXXXXXXXX.
004 XXXXXXXOOXOOOOXX.
005 XXXXXXOOOOOOOoo..
006 OXXXXOOOOOOOOO...
007 OOXXXXXXXXXOOOOO.
008 OOOOOOOOOOXOOOOO.
009 OOOOOOOOOXXXXOOOO
010 .OOOOOOXXXXXXOOOO
011 ..OOOOOOOOXXXOOOO
012 .....OOOOOOOXXXOO
013 .....OOOOOOOOOOOO
014 ......OOOOOOOOOOO
Piece 2 2:
**
.*
<got (X): [0, 0]
Piece 2 2:
.*
**
<got (O): [6, 15]
Plateau 15 17:
    01234567890123456
000 XXXXXXXXXXXXXXXX.
001 XXXXXXXXXXXXXXXX.
002 XXXXXXXXXXXXXXXX.
003 XXXXXXXXXXXXXXXX.
004 XXXXXXXOOXOOOOXX.
005 XXXXXXOOOOOOOOO..
006 OXXXXOOOOOOOOO..o
007 OOXXXXXXXXXOOOOoo
008 OOOOOOOOOOXOOOOO.
009 OOOOOOOOOXXXXOOOO
010 .OOOOOOXXXXXXOOOO
011 ..OOOOOOOOXXXOOOO
012 .....OOOOOOOXXXOO
013 .....OOOOOOOOOOOO
014 ......OOOOOOOOOOO
Piece 2 3:
.*.
**.
<got (O): [11, 3]
Plateau 15 17:
    01234567890123456
000 XXXXXXXXXXXXXXXX.
001 XXXXXXXXXXXXXXXX.
002 XXXXXXXXXXXXXXXX.
003 XXXXXXXXXXXXXXXX.
004 XXXXXXXOOXOOOOXX.
005 XXXXXXOOOOOOOOO..
006 OXXXXOOOOOOOOO..O
007 OOXXXXXXXXXOOOOOO
008 OOOOOOOOOOXOOOOO.
009 OOOOOOOOOXXXXOOOO
010 .OOOOOOXXXXXXOOOO
011 ..OOoOOOOOXXXOOOO
012 ...ooOOOOOOOXXXOO
013 .....OOOOOOOOOOOO
014 ......OOOOOOOOOOO
Piece 1 2:
**
<got (O): [5, 14]
Plateau 15 17:
    01234567890123456
000 XXXXXXXXXXXXXXXX.
001 XXXXXXXXXXXXXXXX.
002 XXXXXXXXXXXXXXXX.
003 XXXXXXXXXXXXXXXX.
004 XXXXXXXOOXOOOOXX.
005 XXXXXXOOOOOOOOoo.
006 OXXXXOOOOOOOOO..O
007 OOXXXXXXXXXOOOOOO
008 OOOOOOOOOOXOOOOO.
009 OOOOOOOOOXXXXOOOO
010 .OOOOOOXXXXXXOOOO
011 ..OOOOOOOOXXXOOOO
012 ...OOOOOOOOOXXXOO
013 .....OOOOOOOOOOOO
014 ......OOOOOOOOOOO
Piece 2 1:
*
*
<got (O): [5, 15]
Plateau 15 17:
    01234567890123456
000 XXXXXXXXXXXXXXXX.
001 XXXXXXXXXXXXXXXX.
002 XXXXXXXXXXXXXXXX.
003 XXXXXXXXXXXXXXXX.
004 XXXXXXXOOXOOOOXX.
005 XXXXXXOOOOOOOOOo.
006 OXXXXOOOOOOOOO.oO
007 OOXXXXXXXXXOOOOOO
008 OOOOOOOOOOXOOOOO.
009 OOOOOOOOOXXXXOOOO
010 .OOOOOOXXXXXXOOOO
011 ..OOOOOOOOXXXOOOO
012 ...OOOOOOOOOXXXOO
013 .....OOOOOOOOOOOO
014 ......OOOOOOOOOOO
Piece 1 3:
***
<got (O): [11, 0]
Plateau 15 17:
    01234567890123456
000 XXXXXXXXXXXXXXXX.
001 XXXXXXXXXXXXXXXX.
002 XXXXXXXXXXXXXXXX.
003 XXXXXXXXXXXXXXXX.
004 XXXXXXXOOXOOOOXX.
005 XXXXXXOOOOOOOOOO.
006 OXXXXOOOOOOOOO.OO
007 OOXXXXXXXXXOOOOOO
008 OOOOOOOOOOXOOOOO.
009 OOOOOOOOOXXXXOOOO
010 .OOOOOOXXXXXXOOOO
011 oooOOOOOOOXXXOOOO
012 ...OOOOOOOOOXXXOO
013 .....OOOOOOOOOOOO
014 ......OOOOOOOOOOO
Piece 1 2:
**
<got (O): [5, 15]
Plateau 15 17:
    01234567890123456
000 XXXXXXXXXXXXXXXX.
001 XXXXXXXXXXXXXXXX.
002 XXXXXXXXXXXXXXXX.
003 XXXXXXXXXXXXXXXX.
004 XXXXXXXOOXOOOOXX.
005 XXXXXXOOOOOOOOOoo
006 OXXXXOOOOOOOOO.OO
007 OOXXXXXXXXXOOOOOO
008 OOOOOOOOOOXOOOOO.
009 OOOOOOOOOXXXXOOOO
010 .OOOOOOXXXXXXOOOO
011 OOOOOOOOOOXXXOOOO
012 ...OOOOOOOOOXXXOO
013 .....OOOOOOOOOOOO
014 ......OOOOOOOOOOO
Piece 2 2:
.*
**
<got (O): [11, 1]
Plateau 15 17:
    01234567890123456
000 XXXXXXXXXXXXXXXX.
001 XXXXXXXXXXXXXXXX.
002 XXXXXXXXXXXXXXXX.
003 XXXXXXXXXXXXXXXX.
004 XXXXXXXOOXOOOOXX.
005 XXXXXXOOOOOOOOOOO
006 OXXXXOOOOOOOOO.OO
007 OOXXXXXXXXXOOOOOO
008 OOOOOOOOOOXOOOOO.
009 OOOOOOOOOXXXXOOOO
010 .OOOOOOXXXXXXOOOO
011 OOoOOOOOOOXXXOOOO
012 .ooOOOOOOOOOXXXOO
013 .....OOOOOOOOOOOO
014 ......OOOOOOOOOOO
Piece 2 1:
*
*
<got (O): [5, 14]
Plateau 15 17:
    01234567890123456
000 XXXXXXXXXXXXXXXX.
001 XXXXXXXXXXXXXXXX.
002 XXXXXXXXXXXXXXXX.
003 XXXXXXXXXXXXXXXX.
004 XXXXXXXOOXOOOOXX.
005 XXXXXXOOOOOOOOoOO
006 OXXXXOOOOOOOOOoOO
007 OOXXXXXXXXXOOOOOO
008 OOOOOOOOOOXOOOOO.
009 OOOOOOOOOXXXXOOOO
010 .OOOOOOXXXXXXOOOO
011 OOOOOOOOOOXXXOOOO
012 .OOOOOOOOOOOXXXOO
013 .....OOOOOOOOOOOO
014 ......OOOOOOOOOOO
Piece 2 3:
.**
...
<got (O): [8, 14]
Plateau 15 17:
    01234567890123456
000 XXXXXXXXXXXXXXXX.
001 XXXXXXXXXXXXXXXX.
002 XXXXXXXXXXXXXXXX.
003 XXXXXXXXXXXXXXXX.
004 XXXXXXXOOXOOOOXX.
005 XXXXXXOOOOOOOOOOO
006 OXXXXOOOOOOOOOOOO
007 OOXXXXXXXXXOOOOOO
008 OOOOOOOOOOXOOOOoo
009 OOOOOOOOOXXXXOOOO
010 .OOOOOOXXXXXXOOOO
011 OOOOOOOOOOXXXOOOO
012 .OOOOOOOOOOOXXXOO
013 .....OOOOOOOOOOOO
014 ......OOOOOOOOOOO
Piece 1 2:
**
<got (O): [10, 0]
Plateau 15 17:
    01234567890123456
000 XXXXXXXXXXXXXXXX.
001 XXXXXXXXXXXXXXXX.
002 XXXXXXXXXXXXXXXX.
003 XXXXXXXXXXXXXXXX.
004 XXXXXXXOOXOOOOXX.
005 XXXXXXOOOOOOOOOOO
006 OXXXXOOOOOOOOOOOO
007 OOXXXXXXXXXOOOOOO
008 OOOOOOOOOOXOOOOOO
009 OOOOOOOOOXXXXOOOO
010 ooOOOOOXXXXXXOOOO
011 OOOOOOOOOOXXXOOOO
012 .OOOOOOOOOOOXXXOO
013 .....OOOOOOOOOOOO
014 ......OOOOOOOOOOO
Piece 2 3:
.*.
***
<got (O): [12, 2]
Plateau 15 17:
    01234567890123456
000 XXXXXXXXXXXXXXXX.
001 XXXXXXXXXXXXXXXX.
002 XXXXXXXXXXXXXXXX.
003 XXXXXXXXXXXXXXXX.
004 XXXXXXXOOXOOOOXX.
005 XXXXXXOOOOOOOOOOO
006 OXXXXOOOOOOOOOOOO
007 OOXXXXXXXXXOOOOOO
008 OOOOOOOOOOXOOOOOO
009 OOOOOOOOOXXXXOOOO
010 OOOOOOOXXXXXXOOOO
011 OOOOOOOOOOXXXOOOO
012 .OOoOOOOOOOOXXXOO
013 ..oooOOOOOOOOOOOO
014 ......OOOOOOOOOOO
Piece 2 1:
*
*
<got (O): [4, 16]
Plateau 15 17:
    01234567890123456
000 XXXXXXXXXXXXXXXX.
001 XXXXXXXXXXXXXXXX.
002 XXXXXXXXXXXXXXXX.
003 XXXXXXXXXXXXXXXX.
004 XXXXXXXOOXOOOOXXo
005 XXXXXXOOOOOOOOOOo
006 OXXXXOOOOOOOOOOOO
007 OOXXXXXXXXXOOOOOO
008 OOOOOOOOOOXOOOOOO
009 OOOOOOOOOXXXXOOOO
010 OOOOOOOXXXXXXOOOO
011 OOOOOOOOOOXXXOOOO
012 .OOOOOOOOOOOXXXOO
013 ..OOOOOOOOOOOOOOO
014 ......OOOOOOOOOOO
Piece 2 2:
*.
*.
<got (O): [13, 5]
Plateau 15 17:
    01234567890123456
000 XXXXXXXXXXXXXXXX.
001 XXXXXXXXXXXXXXXX.
002 XXXXXXXXXXXXXXXX.
003 XXXXXXXXXXXXXXXX.
004 XXXXXXXOOXOOOOXXO
005 XXXXXXOOOOOOOOOOO
006 OXXXXOOOOOOOOOOOO
007 OOXXXXXXXXXOOOOOO
008 OOOOOOOOOOXOOOOOO
009 OOOOOOOOOXXXXOOOO
010 OOOOOOOXXXXXXOOOO
011 OOOOOOOOOOXXXOOOO
012 .OOOOOOOOOOOXXXOO
013 ..OOOoOOOOOOOOOOO
014 .....oOOOOOOOOOOO
Piece 2 2:
.*
**
<got (O): [13, 3]
Plateau 15 17:
    01234567890123456
000 XXXXXXXXXXXXXXXX.
001 XXXXXXXXXXXXXXXX.
002 XXXXXXXXXXXXXXXX.
003 XXXXXXXXXXXXXXXX.
004 XXXXXXXOOXOOOOXXO
005 XXXXXXOOOOOOOOOOO
006 OXXXXOOOOOOOOOOOO
007 OOXXXXXXXXXOOOOOO
008 OOOOOOOOOOXOOOOOO
009 OOOOOOOOOXXXXOOOO
010 OOOOOOOXXXXXXOOOO
011 OOOOOOOOOOXXXOOOO
012 .OOOOOOOOOOOXXXOO
013 ..OOoOOOOOOOOOOOO
014 ...ooOOOOOOOOOOOO
Piece 1 3:
***
<got (O): [13, 0]
Plateau 15 17:
    01234567890123456
000 XXXXXXXXXXXXXXXX.
001 XXXXXXXXXXXXXXXX.
002 XXXXXXXXXXXXXXXX.
003 XXXXXXXXXXXXXXXX.
004 XXXXXXXOOXOOOOXXO
005 XXXXXXOOOOOOOOOOO
006 OXXXXOOOOOOOOOOOO
007 OOXXXXXXXXXOOOOOO
008 OOOOOOOOOOXOOOOOO
009 OOOOOOOOOXXXXOOOO
010 OOOOOOOXXXXXXOOOO
011 OOOOOOOOOOXXXOOOO
012 .OOOOOOOOOOOXXXOO
013 oooOOOOOOOOOOOOOO
014 ...OOOOOOOOOOOOOO
Piece 1 3:
***
<got (O): [14, 1]
Plateau 15 17:
    01234567890123456
000 XXXXXXXXXXXXXXXX.
001 XXXXXXXXXXXXXXXX.
002 XXXXXXXXXXXXXXXX.
003 XXXXXXXXXXXXXXXX.
004 XXXXXXXOOXOOOOXXO
005 XXXXXXOOOOOOOOOOO
006 OXXXXOOOOOOOOOOOO
007 OOXXXXXXXXXOOOOOO
008 OOOOOOOOOOXOOOOOO
009 OOOOOOOOOXXXXOOOO
010 OOOOOOOXXXXXXOOOO
011 OOOOOOOOOOXXXOOOO
012 .OOOOOOOOOOOXXXOO
013 OOOOOOOOOOOOOOOOO
014 .oooOOOOOOOOOOOOO
Piece 2 2:
*.
*.
<got (O): [11, 0]
Plateau 15 17:
    01234567890123456
000 XXXXXXXXXXXXXXXX.
001 XXXXXXXXXXXXXXXX.
002 XXXXXXXXXXXXXXXX.
003 XXXXXXXXXXXXXXXX.
004 XXXXXXXOOXOOOOXXO
005 XXXXXXOOOOOOOOOOO
006 OXXXXOOOOOOOOOOOO
007 OOXXXXXXXXXOOOOOO
008 OOOOOOOOOOXOOOOOO
009 OOOOOOOOOXXXXOOOO
010 OOOOOOOXXXXXXOOOO
011 oOOOOOOOOOXXXOOOO
012 oOOOOOOOOOOOXXXOO
013 OOOOOOOOOOOOOOOOO
014 .OOOOOOOOOOOOOOOO
Piece 1 3:
***
<got (O): [0, 0]
== O fin: 95
== X fin: 77
